[2023-03-27 21:13:20] production.DEBUG: From: My Travel <contact@mytravel.com>
To: info@gettransfer.com
Subject: [Baf Turizm] Verify Register
MIME-Version: 1.0
Date: Mon, 27 Mar 2023 21:13:20 +0000
Message-ID: <a90eb905c7b599c0820b2c6bb6d4b5c6@mytravel.com>
Content-Type: text/html; charset=utf-8
Content-Transfer-Encoding: quoted-printable

<!doctype html>
<html xmlns=3D"http://www.w3.org/1999/xhtml" xmlns:v=3D"urn:schemas-microso=
ft-com:vml" xmlns:o=3D"urn:schemas-microsoft-com:office:office">
    <head>
        <title></title>
        <meta http-equiv=3D"X-UA-Compatible" content=3D"IE=3Dedge">
        <!--<![endif]-->
        <meta http-equiv=3D"Content-Type" content=3D"text/html; charset=3DU=
TF-8">
        <meta name=3D"viewport" content=3D"width=3Ddevice-width, initial-sc=
ale=3D1">
        <link rel=3D'stylesheet' id=3D'google-font-css-css'  href=3D'https:=
//fonts.googleapis.com/css?family=3DPoppins%3A400%2C500%2C600' type=3D'text=
/css' media=3D'all' />
        <style>
            .b-email-wrap{
                background: #ebeef2;
                padding: 40px 0px;
                color: #1A2B48;
                font-size: 14px;
                font-family: 'Poppins', sans-serif !important;
                font-weight: normal;
                line-height: 1.5;
                overflow-x: hidden;
                margin: 0px;
            }
            .b-header{
                background: #cc0000;
                padding: 30px;
                color: white;
            }
            .b-header .site-title,
            .b-header h1,
            .b-header h2,
            .b-header h3,
            .b-header h4,
            .b-header h5,
            .b-header p
            {
                margin:0px;
                display: block;
                text-align: center;
            }
            .b-container{
                max-width: 600px;
                margin: 0px auto;
            }

            .b-panel{
                border: 1px solid rgba(0, 0, 0, 0.1);
                margin-bottom: 30px;
                padding: 30px;
                background: white;
            }
            .b-panel .b-panel{
                padding: 0px;
                box-shadow: none;
            }
            .b-panel-title{
                text-align: center;
                margin-bottom: 30px;
                font-size: 24px;
                font-weight: 500;
            }
            .b-table-wrap{
                overflow-x:auto;
            }
            .b-table{
                width: 100%;
            }
            .b-table tr td,
            .b-table .b-tr,
            .b-table tr th{
                padding: 10px;
            }
            .b-table .b-tr{
                clear: both;
                border-bottom: 1px solid #EAEEF3;
            }
            .b-table .b-tr:after{
                display: table;
                clear: both;
                content:'';
            }
            .b-table tr td{
                border-bottom: 1px solid #EAEEF3;
            }
            .b-table tbody tr:nth-child(even) td{
                /*background: #f5f7fd;*/
            }
            .b-table tbody tr td.label,
            .b-table .b-tr .label{
                font-weight: 500;
            }
            .b-table tbody tr td.val,
            .b-table .b-tr .val{
                text-align: right;
            }

            .b-table tbody tr td.val p,
            .b-table .b-tr .val p{
                padding: 0;
                margin: 0;
            }

            .b-table .b-tr .label,
            .b-table .b-tr .val{
                float: left;
                width: 50%;
            }
            .pricing-list{
                text-align: left;
                margin: 0px;
                padding: 0px;
                list-style: none;
            }
            .pricing-list td{
                padding: 7px 0px;
            }
            .pricing-list td .val{
                text-align: right;
            }
            .pricing-list .no-flex{
                display: block;
            }
            .email-headline{
                margin-top: 0px;
            }

            .text-center{
                text-align: center;
            }

            .btn{
                display: inline-block;
                color: #212529;
                text-align: center;
                vertical-align: middle;
                -webkit-user-select: none;
                -moz-user-select: none;
                -ms-user-select: none;
                user-select: none;
                background-color: #ebeef2;
                line-height: 1.5;
                border: none;
                -webkit-box-shadow: none;
                box-shadow: none;
                border-radius: 3px;
                padding: 7px 20px;
                -webkit-transition: background .2s, color .2s;
                transition: background .2s, color .2s;
                font-size: 14px;
                font-weight: 500;
                text-decoration: none;
            }
            .btn.btn-primary{

                background: #5191FA;
                color: white;
            }
            .mt20{
                margin-top: 20px;
            }
            .no-padding{
                padding: 0px;
            }
            .no-r-padding{
                padding-right: 0px!important;
            }
            .fsz21{
                font-size: 21px;
            }
            .no-b-border{
                border-bottom: 0px!important;
            }
            @media screen and (max-width: 768px) {
                .b-panel{
                    padding: 15px;
                }
                .b-table tr td,
                .b-table tr th{
                    padding-right: 2px;
                    padding-left: 2px;
                }
                .b-panel-title{
                    font-size: 18px;
                    font-weight: bold;
                    margin-bottom: 15px;
                }
                .b-email-wrap{
                    padding: 0px;
                }

                .b-table .b-tr .label,
                .b-table .b-tr .val{
                    float:none;
                }

                .b-table .b-tr .val{
                    text-align: left;
                }
            }
                    </style>
    </head>
    <body>
        <div class=3D"b-email-wrap">
            <div class=3D"" style=3D"">
    <div class=3D"b-container">
        <div class=3D"b-header">
                        <h1 class=3D"site-title">Baf Turizm</h1>
        </div>
    </div>
</div>

                <div class=3D"b-container">
        <div class=3D"b-panel">
           =20
            <h1>Hello!</h1>
            <p>Please click the button to verify your email address!</p>
            <p style=3D"text-align: center"><a style=3D"border-radius: 3px;
                color: #fff;
                display: inline-block;
                text-decoration: none;
                background-color: #3490dc;
                border-top: 10px solid #3490dc;
                border-right: 18px solid #3490dc;
                border-bottom: 10px solid #3490dc;
                border-left: 18px solid #3490dc;" href=3D"http://gettransfe=
ristanbul.com/email/verify/8/1d79897b23bec90e9102ed02ec51283a76de7260?expir=
es=3D1679955200&signature=3Da38ae636d7ddb8e16aac4aa792c62e38539caf1809b5c1e=
e56a804af59e000b0">Verify Email Address</a></p>
            <p>If you did not create account, no further action is required=
.</p>
            <p>Regards,<br>Baf Turizm</p>
        </div>
    </div>

            <div class=3D"b-footer" style=3D"margin-top: 0px;">
    <div class=3D"b-container">
       =20
    </div>
</div>        </div>
    </body>
</html>
  
[2023-03-27 21:13:20] production.DEBUG: From: My Travel <contact@mytravel.com>
To: info@gettransfer.com
Subject: =?utf-8?Q?=C4=B0stanbul?= Transfer has registered.
MIME-Version: 1.0
Date: Mon, 27 Mar 2023 21:13:20 +0000
Message-ID: <11f8f4951e2ab123246d60657c61b53c@mytravel.com>
Content-Type: text/html; charset=utf-8
Content-Transfer-Encoding: quoted-printable

<!doctype html>
<html xmlns=3D"http://www.w3.org/1999/xhtml" xmlns:v=3D"urn:schemas-microso=
ft-com:vml" xmlns:o=3D"urn:schemas-microsoft-com:office:office">
    <head>
        <title></title>
        <meta http-equiv=3D"X-UA-Compatible" content=3D"IE=3Dedge">
        <!--<![endif]-->
        <meta http-equiv=3D"Content-Type" content=3D"text/html; charset=3DU=
TF-8">
        <meta name=3D"viewport" content=3D"width=3Ddevice-width, initial-sc=
ale=3D1">
        <link rel=3D'stylesheet' id=3D'google-font-css-css'  href=3D'https:=
//fonts.googleapis.com/css?family=3DPoppins%3A400%2C500%2C600' type=3D'text=
/css' media=3D'all' />
        <style>
            .b-email-wrap{
                background: #ebeef2;
                padding: 40px 0px;
                color: #1A2B48;
                font-size: 14px;
                font-family: 'Poppins', sans-serif !important;
                font-weight: normal;
                line-height: 1.5;
                overflow-x: hidden;
                margin: 0px;
            }
            .b-header{
                background: #cc0000;
                padding: 30px;
                color: white;
            }
            .b-header .site-title,
            .b-header h1,
            .b-header h2,
            .b-header h3,
            .b-header h4,
            .b-header h5,
            .b-header p
            {
                margin:0px;
                display: block;
                text-align: center;
            }
            .b-container{
                max-width: 600px;
                margin: 0px auto;
            }

            .b-panel{
                border: 1px solid rgba(0, 0, 0, 0.1);
                margin-bottom: 30px;
                padding: 30px;
                background: white;
            }
            .b-panel .b-panel{
                padding: 0px;
                box-shadow: none;
            }
            .b-panel-title{
                text-align: center;
                margin-bottom: 30px;
                font-size: 24px;
                font-weight: 500;
            }
            .b-table-wrap{
                overflow-x:auto;
            }
            .b-table{
                width: 100%;
            }
            .b-table tr td,
            .b-table .b-tr,
            .b-table tr th{
                padding: 10px;
            }
            .b-table .b-tr{
                clear: both;
                border-bottom: 1px solid #EAEEF3;
            }
            .b-table .b-tr:after{
                display: table;
                clear: both;
                content:'';
            }
            .b-table tr td{
                border-bottom: 1px solid #EAEEF3;
            }
            .b-table tbody tr:nth-child(even) td{
                /*background: #f5f7fd;*/
            }
            .b-table tbody tr td.label,
            .b-table .b-tr .label{
                font-weight: 500;
            }
            .b-table tbody tr td.val,
            .b-table .b-tr .val{
                text-align: right;
            }

            .b-table tbody tr td.val p,
            .b-table .b-tr .val p{
                padding: 0;
                margin: 0;
            }

            .b-table .b-tr .label,
            .b-table .b-tr .val{
                float: left;
                width: 50%;
            }
            .pricing-list{
                text-align: left;
                margin: 0px;
                padding: 0px;
                list-style: none;
            }
            .pricing-list td{
                padding: 7px 0px;
            }
            .pricing-list td .val{
                text-align: right;
            }
            .pricing-list .no-flex{
                display: block;
            }
            .email-headline{
                margin-top: 0px;
            }

            .text-center{
                text-align: center;
            }

            .btn{
                display: inline-block;
                color: #212529;
                text-align: center;
                vertical-align: middle;
                -webkit-user-select: none;
                -moz-user-select: none;
                -ms-user-select: none;
                user-select: none;
                background-color: #ebeef2;
                line-height: 1.5;
                border: none;
                -webkit-box-shadow: none;
                box-shadow: none;
                border-radius: 3px;
                padding: 7px 20px;
                -webkit-transition: background .2s, color .2s;
                transition: background .2s, color .2s;
                font-size: 14px;
                font-weight: 500;
                text-decoration: none;
            }
            .btn.btn-primary{

                background: #5191FA;
                color: white;
            }
            .mt20{
                margin-top: 20px;
            }
            .no-padding{
                padding: 0px;
            }
            .no-r-padding{
                padding-right: 0px!important;
            }
            .fsz21{
                font-size: 21px;
            }
            .no-b-border{
                border-bottom: 0px!important;
            }
            @media screen and (max-width: 768px) {
                .b-panel{
                    padding: 15px;
                }
                .b-table tr td,
                .b-table tr th{
                    padding-right: 2px;
                    padding-left: 2px;
                }
                .b-panel-title{
                    font-size: 18px;
                    font-weight: bold;
                    margin-bottom: 15px;
                }
                .b-email-wrap{
                    padding: 0px;
                }

                .b-table .b-tr .label,
                .b-table .b-tr .val{
                    float:none;
                }

                .b-table .b-tr .val{
                    text-align: left;
                }
            }
                    </style>
    </head>
    <body>
        <div class=3D"b-email-wrap">
            <div class=3D"" style=3D"">
    <div class=3D"b-container">
        <div class=3D"b-header">
                        <h1 class=3D"site-title">Baf Turizm</h1>
        </div>
    </div>
</div>

                <div class=3D"b-container">
        <div class=3D"b-panel">
            <h1 style=3D"text-align: center">Welcome!</h1>
                    <h3>Hello =C4=B0stanbul Transfer</h3>
                    <p>Thank you for signing up with My Travel! We hope you=
 enjoy your time with us.</p>
                    <p>Regards,</p>
                    <p>My Travel</p>
        </div>
    </div>

            <div class=3D"b-footer" style=3D"margin-top: 0px;">
    <div class=3D"b-container">
       =20
    </div>
</div>        </div>
    </body>
</html>
  
[2023-03-27 21:13:21] production.DEBUG: From: My Travel <contact@mytravel.com>
To: contact@mytravel.com
Subject: =?utf-8?Q?=C4=B0stanbul?= Transfer has registered.
MIME-Version: 1.0
Date: Mon, 27 Mar 2023 21:13:21 +0000
Message-ID: <e876d14beb26e5551a399e2ada1bf8f6@mytravel.com>
Content-Type: text/html; charset=utf-8
Content-Transfer-Encoding: quoted-printable

<!doctype html>
<html xmlns=3D"http://www.w3.org/1999/xhtml" xmlns:v=3D"urn:schemas-microso=
ft-com:vml" xmlns:o=3D"urn:schemas-microsoft-com:office:office">
    <head>
        <title></title>
        <meta http-equiv=3D"X-UA-Compatible" content=3D"IE=3Dedge">
        <!--<![endif]-->
        <meta http-equiv=3D"Content-Type" content=3D"text/html; charset=3DU=
TF-8">
        <meta name=3D"viewport" content=3D"width=3Ddevice-width, initial-sc=
ale=3D1">
        <link rel=3D'stylesheet' id=3D'google-font-css-css'  href=3D'https:=
//fonts.googleapis.com/css?family=3DPoppins%3A400%2C500%2C600' type=3D'text=
/css' media=3D'all' />
        <style>
            .b-email-wrap{
                background: #ebeef2;
                padding: 40px 0px;
                color: #1A2B48;
                font-size: 14px;
                font-family: 'Poppins', sans-serif !important;
                font-weight: normal;
                line-height: 1.5;
                overflow-x: hidden;
                margin: 0px;
            }
            .b-header{
                background: #cc0000;
                padding: 30px;
                color: white;
            }
            .b-header .site-title,
            .b-header h1,
            .b-header h2,
            .b-header h3,
            .b-header h4,
            .b-header h5,
            .b-header p
            {
                margin:0px;
                display: block;
                text-align: center;
            }
            .b-container{
                max-width: 600px;
                margin: 0px auto;
            }

            .b-panel{
                border: 1px solid rgba(0, 0, 0, 0.1);
                margin-bottom: 30px;
                padding: 30px;
                background: white;
            }
            .b-panel .b-panel{
                padding: 0px;
                box-shadow: none;
            }
            .b-panel-title{
                text-align: center;
                margin-bottom: 30px;
                font-size: 24px;
                font-weight: 500;
            }
            .b-table-wrap{
                overflow-x:auto;
            }
            .b-table{
                width: 100%;
            }
            .b-table tr td,
            .b-table .b-tr,
            .b-table tr th{
                padding: 10px;
            }
            .b-table .b-tr{
                clear: both;
                border-bottom: 1px solid #EAEEF3;
            }
            .b-table .b-tr:after{
                display: table;
                clear: both;
                content:'';
            }
            .b-table tr td{
                border-bottom: 1px solid #EAEEF3;
            }
            .b-table tbody tr:nth-child(even) td{
                /*background: #f5f7fd;*/
            }
            .b-table tbody tr td.label,
            .b-table .b-tr .label{
                font-weight: 500;
            }
            .b-table tbody tr td.val,
            .b-table .b-tr .val{
                text-align: right;
            }

            .b-table tbody tr td.val p,
            .b-table .b-tr .val p{
                padding: 0;
                margin: 0;
            }

            .b-table .b-tr .label,
            .b-table .b-tr .val{
                float: left;
                width: 50%;
            }
            .pricing-list{
                text-align: left;
                margin: 0px;
                padding: 0px;
                list-style: none;
            }
            .pricing-list td{
                padding: 7px 0px;
            }
            .pricing-list td .val{
                text-align: right;
            }
            .pricing-list .no-flex{
                display: block;
            }
            .email-headline{
                margin-top: 0px;
            }

            .text-center{
                text-align: center;
            }

            .btn{
                display: inline-block;
                color: #212529;
                text-align: center;
                vertical-align: middle;
                -webkit-user-select: none;
                -moz-user-select: none;
                -ms-user-select: none;
                user-select: none;
                background-color: #ebeef2;
                line-height: 1.5;
                border: none;
                -webkit-box-shadow: none;
                box-shadow: none;
                border-radius: 3px;
                padding: 7px 20px;
                -webkit-transition: background .2s, color .2s;
                transition: background .2s, color .2s;
                font-size: 14px;
                font-weight: 500;
                text-decoration: none;
            }
            .btn.btn-primary{

                background: #5191FA;
                color: white;
            }
            .mt20{
                margin-top: 20px;
            }
            .no-padding{
                padding: 0px;
            }
            .no-r-padding{
                padding-right: 0px!important;
            }
            .fsz21{
                font-size: 21px;
            }
            .no-b-border{
                border-bottom: 0px!important;
            }
            @media screen and (max-width: 768px) {
                .b-panel{
                    padding: 15px;
                }
                .b-table tr td,
                .b-table tr th{
                    padding-right: 2px;
                    padding-left: 2px;
                }
                .b-panel-title{
                    font-size: 18px;
                    font-weight: bold;
                    margin-bottom: 15px;
                }
                .b-email-wrap{
                    padding: 0px;
                }

                .b-table .b-tr .label,
                .b-table .b-tr .val{
                    float:none;
                }

                .b-table .b-tr .val{
                    text-align: left;
                }
            }
                    </style>
    </head>
    <body>
        <div class=3D"b-email-wrap">
            <div class=3D"" style=3D"">
    <div class=3D"b-container">
        <div class=3D"b-header">
                        <h1 class=3D"site-title">Baf Turizm</h1>
        </div>
    </div>
</div>

                <div class=3D"b-container">
        <div class=3D"b-panel">
            <h3>Hello Administrator</h3>
                    <p>We have new registration</p>
                    <p>Full name: =C4=B0stanbul Transfer</p>
                    <p>Email: info@gettransfer.com</p>
                    <p>Regards,</p>
                    <p>My Travel</p>
        </div>
    </div>

            <div class=3D"b-footer" style=3D"margin-top: 0px;">
    <div class=3D"b-container">
       =20
    </div>
</div>        </div>
    </body>
</html>
  
[2023-03-27 21:14:19] production.ERROR: SQLSTATE[23000]: Integrity constraint violation: 1062 Duplicate entry 'istanbul Transfer' for key 'users_user_name_unique' (SQL: update `users` set `business_name` = istanbul Transfer, `email_verified_at` = 2023-03-27 21:14:19, `country` = TR, `role_id` = 2, `user_name` = istanbul Transfer, `users`.`updated_at` = 2023-03-27 21:14:19 where `id` = 8) {"userId":1,"exception":"[object] (Illuminate\\Database\\QueryException(code: 23000): SQLSTATE[23000]: Integrity constraint violation: 1062 Duplicate entry 'istanbul Transfer' for key 'users_user_name_unique' (SQL: update `users` set `business_name` = istanbul Transfer, `email_verified_at` = 2023-03-27 21:14:19, `country` = TR, `role_id` = 2, `user_name` = istanbul Transfer, `users`.`updated_at` = 2023-03-27 21:14:19 where `id` = 8) at /home/gett5822/public_html/vendor/laravel/framework/src/Illuminate/Database/Connection.php:760)
[stacktrace]
#0 /home/gett5822/public_html/vendor/laravel/framework/src/Illuminate/Database/Connection.php(720): Illuminate\\Database\\Connection->runQueryCallback()
#1 /home/gett5822/public_html/vendor/laravel/framework/src/Illuminate/Database/Connection.php(577): Illuminate\\Database\\Connection->run()
#2 /home/gett5822/public_html/vendor/laravel/framework/src/Illuminate/Database/Connection.php(510): Illuminate\\Database\\Connection->affectingStatement()
#3 /home/gett5822/public_html/vendor/laravel/framework/src/Illuminate/Database/Query/Builder.php(3305): Illuminate\\Database\\Connection->update()
#4 /home/gett5822/public_html/vendor/laravel/framework/src/Illuminate/Database/Eloquent/Builder.php(1003): Illuminate\\Database\\Query\\Builder->update()
#5 /home/gett5822/public_html/vendor/laravel/framework/src/Illuminate/Database/Eloquent/Model.php(1206): Illuminate\\Database\\Eloquent\\Builder->update()
#6 /home/gett5822/public_html/vendor/laravel/framework/src/Illuminate/Database/Eloquent/Model.php(1121): Illuminate\\Database\\Eloquent\\Model->performUpdate()
#7 /home/gett5822/public_html/modules/User/Admin/UserController.php(230): Illuminate\\Database\\Eloquent\\Model->save()
#8 /home/gett5822/public_html/vendor/laravel/framework/src/Illuminate/Routing/Controller.php(54): Modules\\User\\Admin\\UserController->store()
#9 /home/gett5822/public_html/vendor/laravel/framework/src/Illuminate/Routing/ControllerDispatcher.php(43): Illuminate\\Routing\\Controller->callAction()
#10 /home/gett5822/public_html/vendor/laravel/framework/src/Illuminate/Routing/Route.php(260): Illuminate\\Routing\\ControllerDispatcher->dispatch()
#11 /home/gett5822/public_html/vendor/laravel/framework/src/Illuminate/Routing/Route.php(205): Illuminate\\Routing\\Route->runController()
#12 /home/gett5822/public_html/vendor/laravel/framework/src/Illuminate/Routing/Router.php(798): Illuminate\\Routing\\Route->run()
#13 /home/gett5822/public_html/vendor/laravel/framework/src/Illuminate/Pipeline/Pipeline.php(141): Illuminate\\Routing\\Router->Illuminate\\Routing\\{closure}()
#14 /home/gett5822/public_html/app/Http/Middleware/Dashboard.php(25): Illuminate\\Pipeline\\Pipeline->Illuminate\\Pipeline\\{closure}()
#15 /home/gett5822/public_html/vendor/laravel/framework/src/Illuminate/Pipeline/Pipeline.php(180): App\\Http\\Middleware\\Dashboard->handle()
#16 /home/gett5822/public_html/app/Http/Middleware/RequireChangePassword.php(41): Illuminate\\Pipeline\\Pipeline->Illuminate\\Pipeline\\{closure}()
#17 /home/gett5822/public_html/vendor/laravel/framework/src/Illuminate/Pipeline/Pipeline.php(180): App\\Http\\Middleware\\RequireChangePassword->handle()
#18 /home/gett5822/public_html/app/Http/Middleware/SetLanguageForAdmin.php(37): Illuminate\\Pipeline\\Pipeline->Illuminate\\Pipeline\\{closure}()
#19 /home/gett5822/public_html/vendor/laravel/framework/src/Illuminate/Pipeline/Pipeline.php(180): App\\Http\\Middleware\\SetLanguageForAdmin->handle()
#20 /home/gett5822/public_html/app/Http/Middleware/SetCurrentCurrency.php(48): Illuminate\\Pipeline\\Pipeline->Illuminate\\Pipeline\\{closure}()
#21 /home/gett5822/public_html/vendor/laravel/framework/src/Illuminate/Pipeline/Pipeline.php(180): App\\Http\\Middleware\\SetCurrentCurrency->handle()
#22 /home/gett5822/public_html/app/Http/Middleware/HideDebugbar.php(32): Illuminate\\Pipeline\\Pipeline->Illuminate\\Pipeline\\{closure}()
#23 /home/gett5822/public_html/vendor/laravel/framework/src/Illuminate/Pipeline/Pipeline.php(180): App\\Http\\Middleware\\HideDebugbar->handle()
#24 /home/gett5822/public_html/app/Http/Middleware/RedirectForMultiLanguage.php(58): Illuminate\\Pipeline\\Pipeline->Illuminate\\Pipeline\\{closure}()
#25 /home/gett5822/public_html/vendor/laravel/framework/src/Illuminate/Pipeline/Pipeline.php(180): App\\Http\\Middleware\\RedirectForMultiLanguage->handle()
#26 /home/gett5822/public_html/vendor/laravel/framework/src/Illuminate/Routing/Middleware/SubstituteBindings.php(50): Illuminate\\Pipeline\\Pipeline->Illuminate\\Pipeline\\{closure}()
#27 /home/gett5822/public_html/vendor/laravel/framework/src/Illuminate/Pipeline/Pipeline.php(180): Illuminate\\Routing\\Middleware\\SubstituteBindings->handle()
#28 /home/gett5822/public_html/vendor/laravel/framework/src/Illuminate/Foundation/Http/Middleware/VerifyCsrfToken.php(78): Illuminate\\Pipeline\\Pipeline->Illuminate\\Pipeline\\{closure}()
#29 /home/gett5822/public_html/vendor/laravel/framework/src/Illuminate/Pipeline/Pipeline.php(180): Illuminate\\Foundation\\Http\\Middleware\\VerifyCsrfToken->handle()
#30 /home/gett5822/public_html/vendor/laravel/framework/src/Illuminate/View/Middleware/ShareErrorsFromSession.php(49): Illuminate\\Pipeline\\Pipeline->Illuminate\\Pipeline\\{closure}()
#31 /home/gett5822/public_html/vendor/laravel/framework/src/Illuminate/Pipeline/Pipeline.php(180): Illuminate\\View\\Middleware\\ShareErrorsFromSession->handle()
#32 /home/gett5822/public_html/vendor/laravel/framework/src/Illuminate/Session/Middleware/StartSession.php(121): Illuminate\\Pipeline\\Pipeline->Illuminate\\Pipeline\\{closure}()
#33 /home/gett5822/public_html/vendor/laravel/framework/src/Illuminate/Session/Middleware/StartSession.php(64): Illuminate\\Session\\Middleware\\StartSession->handleStatefulRequest()
#34 /home/gett5822/public_html/vendor/laravel/framework/src/Illuminate/Pipeline/Pipeline.php(180): Illuminate\\Session\\Middleware\\StartSession->handle()
#35 /home/gett5822/public_html/vendor/laravel/framework/src/Illuminate/Cookie/Middleware/AddQueuedCookiesToResponse.php(37): Illuminate\\Pipeline\\Pipeline->Illuminate\\Pipeline\\{closure}()
#36 /home/gett5822/public_html/vendor/laravel/framework/src/Illuminate/Pipeline/Pipeline.php(180): Illuminate\\Cookie\\Middleware\\AddQueuedCookiesToResponse->handle()
#37 /home/gett5822/public_html/vendor/laravel/framework/src/Illuminate/Cookie/Middleware/EncryptCookies.php(67): Illuminate\\Pipeline\\Pipeline->Illuminate\\Pipeline\\{closure}()
#38 /home/gett5822/public_html/vendor/laravel/framework/src/Illuminate/Pipeline/Pipeline.php(180): Illuminate\\Cookie\\Middleware\\EncryptCookies->handle()
#39 /home/gett5822/public_html/vendor/laravel/framework/src/Illuminate/Pipeline/Pipeline.php(116): Illuminate\\Pipeline\\Pipeline->Illuminate\\Pipeline\\{closure}()
#40 /home/gett5822/public_html/vendor/laravel/framework/src/Illuminate/Routing/Router.php(799): Illuminate\\Pipeline\\Pipeline->then()
#41 /home/gett5822/public_html/vendor/laravel/framework/src/Illuminate/Routing/Router.php(776): Illuminate\\Routing\\Router->runRouteWithinStack()
#42 /home/gett5822/public_html/vendor/laravel/framework/src/Illuminate/Routing/Router.php(740): Illuminate\\Routing\\Router->runRoute()
#43 /home/gett5822/public_html/vendor/laravel/framework/src/Illuminate/Routing/Router.php(729): Illuminate\\Routing\\Router->dispatchToRoute()
#44 /home/gett5822/public_html/vendor/laravel/framework/src/Illuminate/Foundation/Http/Kernel.php(190): Illuminate\\Routing\\Router->dispatch()
#45 /home/gett5822/public_html/vendor/laravel/framework/src/Illuminate/Pipeline/Pipeline.php(141): Illuminate\\Foundation\\Http\\Kernel->Illuminate\\Foundation\\Http\\{closure}()
#46 /home/gett5822/public_html/themes/Base/Core/Middleware/RunUpdater.php(72): Illuminate\\Pipeline\\Pipeline->Illuminate\\Pipeline\\{closure}()
#47 /home/gett5822/public_html/vendor/laravel/framework/src/Illuminate/Pipeline/Pipeline.php(180): Themes\\Base\\Core\\Middleware\\RunUpdater->handle()
#48 /home/gett5822/public_html/vendor/barryvdh/laravel-debugbar/src/Middleware/InjectDebugbar.php(59): Illuminate\\Pipeline\\Pipeline->Illuminate\\Pipeline\\{closure}()
#49 /home/gett5822/public_html/vendor/laravel/framework/src/Illuminate/Pipeline/Pipeline.php(180): Barryvdh\\Debugbar\\Middleware\\InjectDebugbar->handle()
#50 /home/gett5822/public_html/vendor/laravel/framework/src/Illuminate/Foundation/Http/Middleware/TransformsRequest.php(21): Illuminate\\Pipeline\\Pipeline->Illuminate\\Pipeline\\{closure}()
#51 /home/gett5822/public_html/vendor/laravel/framework/src/Illuminate/Foundation/Http/Middleware/ConvertEmptyStringsToNull.php(31): Illuminate\\Foundation\\Http\\Middleware\\TransformsRequest->handle()
#52 /home/gett5822/public_html/vendor/laravel/framework/src/Illuminate/Pipeline/Pipeline.php(180): Illuminate\\Foundation\\Http\\Middleware\\ConvertEmptyStringsToNull->handle()
#53 /home/gett5822/public_html/vendor/laravel/framework/src/Illuminate/Foundation/Http/Middleware/TransformsRequest.php(21): Illuminate\\Pipeline\\Pipeline->Illuminate\\Pipeline\\{closure}()
#54 /home/gett5822/public_html/vendor/laravel/framework/src/Illuminate/Foundation/Http/Middleware/TrimStrings.php(40): Illuminate\\Foundation\\Http\\Middleware\\TransformsRequest->handle()
#55 /home/gett5822/public_html/vendor/laravel/framework/src/Illuminate/Pipeline/Pipeline.php(180): Illuminate\\Foundation\\Http\\Middleware\\TrimStrings->handle()
#56 /home/gett5822/public_html/vendor/laravel/framework/src/Illuminate/Foundation/Http/Middleware/ValidatePostSize.php(27): Illuminate\\Pipeline\\Pipeline->Illuminate\\Pipeline\\{closure}()
#57 /home/gett5822/public_html/vendor/laravel/framework/src/Illuminate/Pipeline/Pipeline.php(180): Illuminate\\Foundation\\Http\\Middleware\\ValidatePostSize->handle()
#58 /home/gett5822/public_html/vendor/laravel/framework/src/Illuminate/Foundation/Http/Middleware/PreventRequestsDuringMaintenance.php(86): Illuminate\\Pipeline\\Pipeline->Illuminate\\Pipeline\\{closure}()
#59 /home/gett5822/public_html/vendor/laravel/framework/src/Illuminate/Pipeline/Pipeline.php(180): Illuminate\\Foundation\\Http\\Middleware\\PreventRequestsDuringMaintenance->handle()
#60 /home/gett5822/public_html/vendor/laravel/framework/src/Illuminate/Http/Middleware/HandleCors.php(49): Illuminate\\Pipeline\\Pipeline->Illuminate\\Pipeline\\{closure}()
#61 /home/gett5822/public_html/vendor/laravel/framework/src/Illuminate/Pipeline/Pipeline.php(180): Illuminate\\Http\\Middleware\\HandleCors->handle()
#62 /home/gett5822/public_html/app/Http/Middleware/RedirectToInstaller.php(40): Illuminate\\Pipeline\\Pipeline->Illuminate\\Pipeline\\{closure}()
#63 /home/gett5822/public_html/vendor/laravel/framework/src/Illuminate/Pipeline/Pipeline.php(180): App\\Http\\Middleware\\RedirectToInstaller->handle()
#64 /home/gett5822/public_html/vendor/laravel/framework/src/Illuminate/Http/Middleware/TrustProxies.php(39): Illuminate\\Pipeline\\Pipeline->Illuminate\\Pipeline\\{closure}()
#65 /home/gett5822/public_html/vendor/laravel/framework/src/Illuminate/Pipeline/Pipeline.php(180): Illuminate\\Http\\Middleware\\TrustProxies->handle()
#66 /home/gett5822/public_html/vendor/laravel/framework/src/Illuminate/Pipeline/Pipeline.php(116): Illuminate\\Pipeline\\Pipeline->Illuminate\\Pipeline\\{closure}()
#67 /home/gett5822/public_html/vendor/laravel/framework/src/Illuminate/Foundation/Http/Kernel.php(165): Illuminate\\Pipeline\\Pipeline->then()
#68 /home/gett5822/public_html/vendor/laravel/framework/src/Illuminate/Foundation/Http/Kernel.php(134): Illuminate\\Foundation\\Http\\Kernel->sendRequestThroughRouter()
#69 /home/gett5822/public_html/public/index.php(72): Illuminate\\Foundation\\Http\\Kernel->handle()
#70 {main}

[previous exception] [object] (PDOException(code: 23000): SQLSTATE[23000]: Integrity constraint violation: 1062 Duplicate entry 'istanbul Transfer' for key 'users_user_name_unique' at /home/gett5822/public_html/vendor/laravel/framework/src/Illuminate/Database/Connection.php:570)
[stacktrace]
#0 /home/gett5822/public_html/vendor/laravel/framework/src/Illuminate/Database/Connection.php(570): PDOStatement->execute()
#1 /home/gett5822/public_html/vendor/laravel/framework/src/Illuminate/Database/Connection.php(753): Illuminate\\Database\\Connection->Illuminate\\Database\\{closure}()
#2 /home/gett5822/public_html/vendor/laravel/framework/src/Illuminate/Database/Connection.php(720): Illuminate\\Database\\Connection->runQueryCallback()
#3 /home/gett5822/public_html/vendor/laravel/framework/src/Illuminate/Database/Connection.php(577): Illuminate\\Database\\Connection->run()
#4 /home/gett5822/public_html/vendor/laravel/framework/src/Illuminate/Database/Connection.php(510): Illuminate\\Database\\Connection->affectingStatement()
#5 /home/gett5822/public_html/vendor/laravel/framework/src/Illuminate/Database/Query/Builder.php(3305): Illuminate\\Database\\Connection->update()
#6 /home/gett5822/public_html/vendor/laravel/framework/src/Illuminate/Database/Eloquent/Builder.php(1003): Illuminate\\Database\\Query\\Builder->update()
#7 /home/gett5822/public_html/vendor/laravel/framework/src/Illuminate/Database/Eloquent/Model.php(1206): Illuminate\\Database\\Eloquent\\Builder->update()
#8 /home/gett5822/public_html/vendor/laravel/framework/src/Illuminate/Database/Eloquent/Model.php(1121): Illuminate\\Database\\Eloquent\\Model->performUpdate()
#9 /home/gett5822/public_html/modules/User/Admin/UserController.php(230): Illuminate\\Database\\Eloquent\\Model->save()
#10 /home/gett5822/public_html/vendor/laravel/framework/src/Illuminate/Routing/Controller.php(54): Modules\\User\\Admin\\UserController->store()
#11 /home/gett5822/public_html/vendor/laravel/framework/src/Illuminate/Routing/ControllerDispatcher.php(43): Illuminate\\Routing\\Controller->callAction()
#12 /home/gett5822/public_html/vendor/laravel/framework/src/Illuminate/Routing/Route.php(260): Illuminate\\Routing\\ControllerDispatcher->dispatch()
#13 /home/gett5822/public_html/vendor/laravel/framework/src/Illuminate/Routing/Route.php(205): Illuminate\\Routing\\Route->runController()
#14 /home/gett5822/public_html/vendor/laravel/framework/src/Illuminate/Routing/Router.php(798): Illuminate\\Routing\\Route->run()
#15 /home/gett5822/public_html/vendor/laravel/framework/src/Illuminate/Pipeline/Pipeline.php(141): Illuminate\\Routing\\Router->Illuminate\\Routing\\{closure}()
#16 /home/gett5822/public_html/app/Http/Middleware/Dashboard.php(25): Illuminate\\Pipeline\\Pipeline->Illuminate\\Pipeline\\{closure}()
#17 /home/gett5822/public_html/vendor/laravel/framework/src/Illuminate/Pipeline/Pipeline.php(180): App\\Http\\Middleware\\Dashboard->handle()
#18 /home/gett5822/public_html/app/Http/Middleware/RequireChangePassword.php(41): Illuminate\\Pipeline\\Pipeline->Illuminate\\Pipeline\\{closure}()
#19 /home/gett5822/public_html/vendor/laravel/framework/src/Illuminate/Pipeline/Pipeline.php(180): App\\Http\\Middleware\\RequireChangePassword->handle()
#20 /home/gett5822/public_html/app/Http/Middleware/SetLanguageForAdmin.php(37): Illuminate\\Pipeline\\Pipeline->Illuminate\\Pipeline\\{closure}()
#21 /home/gett5822/public_html/vendor/laravel/framework/src/Illuminate/Pipeline/Pipeline.php(180): App\\Http\\Middleware\\SetLanguageForAdmin->handle()
#22 /home/gett5822/public_html/app/Http/Middleware/SetCurrentCurrency.php(48): Illuminate\\Pipeline\\Pipeline->Illuminate\\Pipeline\\{closure}()
#23 /home/gett5822/public_html/vendor/laravel/framework/src/Illuminate/Pipeline/Pipeline.php(180): App\\Http\\Middleware\\SetCurrentCurrency->handle()
#24 /home/gett5822/public_html/app/Http/Middleware/HideDebugbar.php(32): Illuminate\\Pipeline\\Pipeline->Illuminate\\Pipeline\\{closure}()
#25 /home/gett5822/public_html/vendor/laravel/framework/src/Illuminate/Pipeline/Pipeline.php(180): App\\Http\\Middleware\\HideDebugbar->handle()
#26 /home/gett5822/public_html/app/Http/Middleware/RedirectForMultiLanguage.php(58): Illuminate\\Pipeline\\Pipeline->Illuminate\\Pipeline\\{closure}()
#27 /home/gett5822/public_html/vendor/laravel/framework/src/Illuminate/Pipeline/Pipeline.php(180): App\\Http\\Middleware\\RedirectForMultiLanguage->handle()
#28 /home/gett5822/public_html/vendor/laravel/framework/src/Illuminate/Routing/Middleware/SubstituteBindings.php(50): Illuminate\\Pipeline\\Pipeline->Illuminate\\Pipeline\\{closure}()
#29 /home/gett5822/public_html/vendor/laravel/framework/src/Illuminate/Pipeline/Pipeline.php(180): Illuminate\\Routing\\Middleware\\SubstituteBindings->handle()
#30 /home/gett5822/public_html/vendor/laravel/framework/src/Illuminate/Foundation/Http/Middleware/VerifyCsrfToken.php(78): Illuminate\\Pipeline\\Pipeline->Illuminate\\Pipeline\\{closure}()
#31 /home/gett5822/public_html/vendor/laravel/framework/src/Illuminate/Pipeline/Pipeline.php(180): Illuminate\\Foundation\\Http\\Middleware\\VerifyCsrfToken->handle()
#32 /home/gett5822/public_html/vendor/laravel/framework/src/Illuminate/View/Middleware/ShareErrorsFromSession.php(49): Illuminate\\Pipeline\\Pipeline->Illuminate\\Pipeline\\{closure}()
#33 /home/gett5822/public_html/vendor/laravel/framework/src/Illuminate/Pipeline/Pipeline.php(180): Illuminate\\View\\Middleware\\ShareErrorsFromSession->handle()
#34 /home/gett5822/public_html/vendor/laravel/framework/src/Illuminate/Session/Middleware/StartSession.php(121): Illuminate\\Pipeline\\Pipeline->Illuminate\\Pipeline\\{closure}()
#35 /home/gett5822/public_html/vendor/laravel/framework/src/Illuminate/Session/Middleware/StartSession.php(64): Illuminate\\Session\\Middleware\\StartSession->handleStatefulRequest()
#36 /home/gett5822/public_html/vendor/laravel/framework/src/Illuminate/Pipeline/Pipeline.php(180): Illuminate\\Session\\Middleware\\StartSession->handle()
#37 /home/gett5822/public_html/vendor/laravel/framework/src/Illuminate/Cookie/Middleware/AddQueuedCookiesToResponse.php(37): Illuminate\\Pipeline\\Pipeline->Illuminate\\Pipeline\\{closure}()
#38 /home/gett5822/public_html/vendor/laravel/framework/src/Illuminate/Pipeline/Pipeline.php(180): Illuminate\\Cookie\\Middleware\\AddQueuedCookiesToResponse->handle()
#39 /home/gett5822/public_html/vendor/laravel/framework/src/Illuminate/Cookie/Middleware/EncryptCookies.php(67): Illuminate\\Pipeline\\Pipeline->Illuminate\\Pipeline\\{closure}()
#40 /home/gett5822/public_html/vendor/laravel/framework/src/Illuminate/Pipeline/Pipeline.php(180): Illuminate\\Cookie\\Middleware\\EncryptCookies->handle()
#41 /home/gett5822/public_html/vendor/laravel/framework/src/Illuminate/Pipeline/Pipeline.php(116): Illuminate\\Pipeline\\Pipeline->Illuminate\\Pipeline\\{closure}()
#42 /home/gett5822/public_html/vendor/laravel/framework/src/Illuminate/Routing/Router.php(799): Illuminate\\Pipeline\\Pipeline->then()
#43 /home/gett5822/public_html/vendor/laravel/framework/src/Illuminate/Routing/Router.php(776): Illuminate\\Routing\\Router->runRouteWithinStack()
#44 /home/gett5822/public_html/vendor/laravel/framework/src/Illuminate/Routing/Router.php(740): Illuminate\\Routing\\Router->runRoute()
#45 /home/gett5822/public_html/vendor/laravel/framework/src/Illuminate/Routing/Router.php(729): Illuminate\\Routing\\Router->dispatchToRoute()
#46 /home/gett5822/public_html/vendor/laravel/framework/src/Illuminate/Foundation/Http/Kernel.php(190): Illuminate\\Routing\\Router->dispatch()
#47 /home/gett5822/public_html/vendor/laravel/framework/src/Illuminate/Pipeline/Pipeline.php(141): Illuminate\\Foundation\\Http\\Kernel->Illuminate\\Foundation\\Http\\{closure}()
#48 /home/gett5822/public_html/themes/Base/Core/Middleware/RunUpdater.php(72): Illuminate\\Pipeline\\Pipeline->Illuminate\\Pipeline\\{closure}()
#49 /home/gett5822/public_html/vendor/laravel/framework/src/Illuminate/Pipeline/Pipeline.php(180): Themes\\Base\\Core\\Middleware\\RunUpdater->handle()
#50 /home/gett5822/public_html/vendor/barryvdh/laravel-debugbar/src/Middleware/InjectDebugbar.php(59): Illuminate\\Pipeline\\Pipeline->Illuminate\\Pipeline\\{closure}()
#51 /home/gett5822/public_html/vendor/laravel/framework/src/Illuminate/Pipeline/Pipeline.php(180): Barryvdh\\Debugbar\\Middleware\\InjectDebugbar->handle()
#52 /home/gett5822/public_html/vendor/laravel/framework/src/Illuminate/Foundation/Http/Middleware/TransformsRequest.php(21): Illuminate\\Pipeline\\Pipeline->Illuminate\\Pipeline\\{closure}()
#53 /home/gett5822/public_html/vendor/laravel/framework/src/Illuminate/Foundation/Http/Middleware/ConvertEmptyStringsToNull.php(31): Illuminate\\Foundation\\Http\\Middleware\\TransformsRequest->handle()
#54 /home/gett5822/public_html/vendor/laravel/framework/src/Illuminate/Pipeline/Pipeline.php(180): Illuminate\\Foundation\\Http\\Middleware\\ConvertEmptyStringsToNull->handle()
#55 /home/gett5822/public_html/vendor/laravel/framework/src/Illuminate/Foundation/Http/Middleware/TransformsRequest.php(21): Illuminate\\Pipeline\\Pipeline->Illuminate\\Pipeline\\{closure}()
#56 /home/gett5822/public_html/vendor/laravel/framework/src/Illuminate/Foundation/Http/Middleware/TrimStrings.php(40): Illuminate\\Foundation\\Http\\Middleware\\TransformsRequest->handle()
#57 /home/gett5822/public_html/vendor/laravel/framework/src/Illuminate/Pipeline/Pipeline.php(180): Illuminate\\Foundation\\Http\\Middleware\\TrimStrings->handle()
#58 /home/gett5822/public_html/vendor/laravel/framework/src/Illuminate/Foundation/Http/Middleware/ValidatePostSize.php(27): Illuminate\\Pipeline\\Pipeline->Illuminate\\Pipeline\\{closure}()
#59 /home/gett5822/public_html/vendor/laravel/framework/src/Illuminate/Pipeline/Pipeline.php(180): Illuminate\\Foundation\\Http\\Middleware\\ValidatePostSize->handle()
#60 /home/gett5822/public_html/vendor/laravel/framework/src/Illuminate/Foundation/Http/Middleware/PreventRequestsDuringMaintenance.php(86): Illuminate\\Pipeline\\Pipeline->Illuminate\\Pipeline\\{closure}()
#61 /home/gett5822/public_html/vendor/laravel/framework/src/Illuminate/Pipeline/Pipeline.php(180): Illuminate\\Foundation\\Http\\Middleware\\PreventRequestsDuringMaintenance->handle()
#62 /home/gett5822/public_html/vendor/laravel/framework/src/Illuminate/Http/Middleware/HandleCors.php(49): Illuminate\\Pipeline\\Pipeline->Illuminate\\Pipeline\\{closure}()
#63 /home/gett5822/public_html/vendor/laravel/framework/src/Illuminate/Pipeline/Pipeline.php(180): Illuminate\\Http\\Middleware\\HandleCors->handle()
#64 /home/gett5822/public_html/app/Http/Middleware/RedirectToInstaller.php(40): Illuminate\\Pipeline\\Pipeline->Illuminate\\Pipeline\\{closure}()
#65 /home/gett5822/public_html/vendor/laravel/framework/src/Illuminate/Pipeline/Pipeline.php(180): App\\Http\\Middleware\\RedirectToInstaller->handle()
#66 /home/gett5822/public_html/vendor/laravel/framework/src/Illuminate/Http/Middleware/TrustProxies.php(39): Illuminate\\Pipeline\\Pipeline->Illuminate\\Pipeline\\{closure}()
#67 /home/gett5822/public_html/vendor/laravel/framework/src/Illuminate/Pipeline/Pipeline.php(180): Illuminate\\Http\\Middleware\\TrustProxies->handle()
#68 /home/gett5822/public_html/vendor/laravel/framework/src/Illuminate/Pipeline/Pipeline.php(116): Illuminate\\Pipeline\\Pipeline->Illuminate\\Pipeline\\{closure}()
#69 /home/gett5822/public_html/vendor/laravel/framework/src/Illuminate/Foundation/Http/Kernel.php(165): Illuminate\\Pipeline\\Pipeline->then()
#70 /home/gett5822/public_html/vendor/laravel/framework/src/Illuminate/Foundation/Http/Kernel.php(134): Illuminate\\Foundation\\Http\\Kernel->sendRequestThroughRouter()
#71 /home/gett5822/public_html/public/index.php(72): Illuminate\\Foundation\\Http\\Kernel->handle()
#72 {main}
"} 
[2023-03-27 21:14:54] production.ERROR: SQLSTATE[23000]: Integrity constraint violation: 1062 Duplicate entry 'istanbul Transfer' for key 'users_user_name_unique' (SQL: update `users` set `business_name` = İstanbul Transfer, `country` = TR, `role_id` = 2, `user_name` = istanbul Transfer, `users`.`updated_at` = 2023-03-27 21:14:54 where `id` = 8) {"userId":1,"exception":"[object] (Illuminate\\Database\\QueryException(code: 23000): SQLSTATE[23000]: Integrity constraint violation: 1062 Duplicate entry 'istanbul Transfer' for key 'users_user_name_unique' (SQL: update `users` set `business_name` = İstanbul Transfer, `country` = TR, `role_id` = 2, `user_name` = istanbul Transfer, `users`.`updated_at` = 2023-03-27 21:14:54 where `id` = 8) at /home/gett5822/public_html/vendor/laravel/framework/src/Illuminate/Database/Connection.php:760)
[stacktrace]
#0 /home/gett5822/public_html/vendor/laravel/framework/src/Illuminate/Database/Connection.php(720): Illuminate\\Database\\Connection->runQueryCallback()
#1 /home/gett5822/public_html/vendor/laravel/framework/src/Illuminate/Database/Connection.php(577): Illuminate\\Database\\Connection->run()
#2 /home/gett5822/public_html/vendor/laravel/framework/src/Illuminate/Database/Connection.php(510): Illuminate\\Database\\Connection->affectingStatement()
#3 /home/gett5822/public_html/vendor/laravel/framework/src/Illuminate/Database/Query/Builder.php(3305): Illuminate\\Database\\Connection->update()
#4 /home/gett5822/public_html/vendor/laravel/framework/src/Illuminate/Database/Eloquent/Builder.php(1003): Illuminate\\Database\\Query\\Builder->update()
#5 /home/gett5822/public_html/vendor/laravel/framework/src/Illuminate/Database/Eloquent/Model.php(1206): Illuminate\\Database\\Eloquent\\Builder->update()
#6 /home/gett5822/public_html/vendor/laravel/framework/src/Illuminate/Database/Eloquent/Model.php(1121): Illuminate\\Database\\Eloquent\\Model->performUpdate()
#7 /home/gett5822/public_html/modules/User/Admin/UserController.php(230): Illuminate\\Database\\Eloquent\\Model->save()
#8 /home/gett5822/public_html/vendor/laravel/framework/src/Illuminate/Routing/Controller.php(54): Modules\\User\\Admin\\UserController->store()
#9 /home/gett5822/public_html/vendor/laravel/framework/src/Illuminate/Routing/ControllerDispatcher.php(43): Illuminate\\Routing\\Controller->callAction()
#10 /home/gett5822/public_html/vendor/laravel/framework/src/Illuminate/Routing/Route.php(260): Illuminate\\Routing\\ControllerDispatcher->dispatch()
#11 /home/gett5822/public_html/vendor/laravel/framework/src/Illuminate/Routing/Route.php(205): Illuminate\\Routing\\Route->runController()
#12 /home/gett5822/public_html/vendor/laravel/framework/src/Illuminate/Routing/Router.php(798): Illuminate\\Routing\\Route->run()
#13 /home/gett5822/public_html/vendor/laravel/framework/src/Illuminate/Pipeline/Pipeline.php(141): Illuminate\\Routing\\Router->Illuminate\\Routing\\{closure}()
#14 /home/gett5822/public_html/app/Http/Middleware/Dashboard.php(25): Illuminate\\Pipeline\\Pipeline->Illuminate\\Pipeline\\{closure}()
#15 /home/gett5822/public_html/vendor/laravel/framework/src/Illuminate/Pipeline/Pipeline.php(180): App\\Http\\Middleware\\Dashboard->handle()
#16 /home/gett5822/public_html/app/Http/Middleware/RequireChangePassword.php(41): Illuminate\\Pipeline\\Pipeline->Illuminate\\Pipeline\\{closure}()
#17 /home/gett5822/public_html/vendor/laravel/framework/src/Illuminate/Pipeline/Pipeline.php(180): App\\Http\\Middleware\\RequireChangePassword->handle()
#18 /home/gett5822/public_html/app/Http/Middleware/SetLanguageForAdmin.php(37): Illuminate\\Pipeline\\Pipeline->Illuminate\\Pipeline\\{closure}()
#19 /home/gett5822/public_html/vendor/laravel/framework/src/Illuminate/Pipeline/Pipeline.php(180): App\\Http\\Middleware\\SetLanguageForAdmin->handle()
#20 /home/gett5822/public_html/app/Http/Middleware/SetCurrentCurrency.php(48): Illuminate\\Pipeline\\Pipeline->Illuminate\\Pipeline\\{closure}()
#21 /home/gett5822/public_html/vendor/laravel/framework/src/Illuminate/Pipeline/Pipeline.php(180): App\\Http\\Middleware\\SetCurrentCurrency->handle()
#22 /home/gett5822/public_html/app/Http/Middleware/HideDebugbar.php(32): Illuminate\\Pipeline\\Pipeline->Illuminate\\Pipeline\\{closure}()
#23 /home/gett5822/public_html/vendor/laravel/framework/src/Illuminate/Pipeline/Pipeline.php(180): App\\Http\\Middleware\\HideDebugbar->handle()
#24 /home/gett5822/public_html/app/Http/Middleware/RedirectForMultiLanguage.php(58): Illuminate\\Pipeline\\Pipeline->Illuminate\\Pipeline\\{closure}()
#25 /home/gett5822/public_html/vendor/laravel/framework/src/Illuminate/Pipeline/Pipeline.php(180): App\\Http\\Middleware\\RedirectForMultiLanguage->handle()
#26 /home/gett5822/public_html/vendor/laravel/framework/src/Illuminate/Routing/Middleware/SubstituteBindings.php(50): Illuminate\\Pipeline\\Pipeline->Illuminate\\Pipeline\\{closure}()
#27 /home/gett5822/public_html/vendor/laravel/framework/src/Illuminate/Pipeline/Pipeline.php(180): Illuminate\\Routing\\Middleware\\SubstituteBindings->handle()
#28 /home/gett5822/public_html/vendor/laravel/framework/src/Illuminate/Foundation/Http/Middleware/VerifyCsrfToken.php(78): Illuminate\\Pipeline\\Pipeline->Illuminate\\Pipeline\\{closure}()
#29 /home/gett5822/public_html/vendor/laravel/framework/src/Illuminate/Pipeline/Pipeline.php(180): Illuminate\\Foundation\\Http\\Middleware\\VerifyCsrfToken->handle()
#30 /home/gett5822/public_html/vendor/laravel/framework/src/Illuminate/View/Middleware/ShareErrorsFromSession.php(49): Illuminate\\Pipeline\\Pipeline->Illuminate\\Pipeline\\{closure}()
#31 /home/gett5822/public_html/vendor/laravel/framework/src/Illuminate/Pipeline/Pipeline.php(180): Illuminate\\View\\Middleware\\ShareErrorsFromSession->handle()
#32 /home/gett5822/public_html/vendor/laravel/framework/src/Illuminate/Session/Middleware/StartSession.php(121): Illuminate\\Pipeline\\Pipeline->Illuminate\\Pipeline\\{closure}()
#33 /home/gett5822/public_html/vendor/laravel/framework/src/Illuminate/Session/Middleware/StartSession.php(64): Illuminate\\Session\\Middleware\\StartSession->handleStatefulRequest()
#34 /home/gett5822/public_html/vendor/laravel/framework/src/Illuminate/Pipeline/Pipeline.php(180): Illuminate\\Session\\Middleware\\StartSession->handle()
#35 /home/gett5822/public_html/vendor/laravel/framework/src/Illuminate/Cookie/Middleware/AddQueuedCookiesToResponse.php(37): Illuminate\\Pipeline\\Pipeline->Illuminate\\Pipeline\\{closure}()
#36 /home/gett5822/public_html/vendor/laravel/framework/src/Illuminate/Pipeline/Pipeline.php(180): Illuminate\\Cookie\\Middleware\\AddQueuedCookiesToResponse->handle()
#37 /home/gett5822/public_html/vendor/laravel/framework/src/Illuminate/Cookie/Middleware/EncryptCookies.php(67): Illuminate\\Pipeline\\Pipeline->Illuminate\\Pipeline\\{closure}()
#38 /home/gett5822/public_html/vendor/laravel/framework/src/Illuminate/Pipeline/Pipeline.php(180): Illuminate\\Cookie\\Middleware\\EncryptCookies->handle()
#39 /home/gett5822/public_html/vendor/laravel/framework/src/Illuminate/Pipeline/Pipeline.php(116): Illuminate\\Pipeline\\Pipeline->Illuminate\\Pipeline\\{closure}()
#40 /home/gett5822/public_html/vendor/laravel/framework/src/Illuminate/Routing/Router.php(799): Illuminate\\Pipeline\\Pipeline->then()
#41 /home/gett5822/public_html/vendor/laravel/framework/src/Illuminate/Routing/Router.php(776): Illuminate\\Routing\\Router->runRouteWithinStack()
#42 /home/gett5822/public_html/vendor/laravel/framework/src/Illuminate/Routing/Router.php(740): Illuminate\\Routing\\Router->runRoute()
#43 /home/gett5822/public_html/vendor/laravel/framework/src/Illuminate/Routing/Router.php(729): Illuminate\\Routing\\Router->dispatchToRoute()
#44 /home/gett5822/public_html/vendor/laravel/framework/src/Illuminate/Foundation/Http/Kernel.php(190): Illuminate\\Routing\\Router->dispatch()
#45 /home/gett5822/public_html/vendor/laravel/framework/src/Illuminate/Pipeline/Pipeline.php(141): Illuminate\\Foundation\\Http\\Kernel->Illuminate\\Foundation\\Http\\{closure}()
#46 /home/gett5822/public_html/themes/Base/Core/Middleware/RunUpdater.php(72): Illuminate\\Pipeline\\Pipeline->Illuminate\\Pipeline\\{closure}()
#47 /home/gett5822/public_html/vendor/laravel/framework/src/Illuminate/Pipeline/Pipeline.php(180): Themes\\Base\\Core\\Middleware\\RunUpdater->handle()
#48 /home/gett5822/public_html/vendor/barryvdh/laravel-debugbar/src/Middleware/InjectDebugbar.php(59): Illuminate\\Pipeline\\Pipeline->Illuminate\\Pipeline\\{closure}()
#49 /home/gett5822/public_html/vendor/laravel/framework/src/Illuminate/Pipeline/Pipeline.php(180): Barryvdh\\Debugbar\\Middleware\\InjectDebugbar->handle()
#50 /home/gett5822/public_html/vendor/laravel/framework/src/Illuminate/Foundation/Http/Middleware/TransformsRequest.php(21): Illuminate\\Pipeline\\Pipeline->Illuminate\\Pipeline\\{closure}()
#51 /home/gett5822/public_html/vendor/laravel/framework/src/Illuminate/Foundation/Http/Middleware/ConvertEmptyStringsToNull.php(31): Illuminate\\Foundation\\Http\\Middleware\\TransformsRequest->handle()
#52 /home/gett5822/public_html/vendor/laravel/framework/src/Illuminate/Pipeline/Pipeline.php(180): Illuminate\\Foundation\\Http\\Middleware\\ConvertEmptyStringsToNull->handle()
#53 /home/gett5822/public_html/vendor/laravel/framework/src/Illuminate/Foundation/Http/Middleware/TransformsRequest.php(21): Illuminate\\Pipeline\\Pipeline->Illuminate\\Pipeline\\{closure}()
#54 /home/gett5822/public_html/vendor/laravel/framework/src/Illuminate/Foundation/Http/Middleware/TrimStrings.php(40): Illuminate\\Foundation\\Http\\Middleware\\TransformsRequest->handle()
#55 /home/gett5822/public_html/vendor/laravel/framework/src/Illuminate/Pipeline/Pipeline.php(180): Illuminate\\Foundation\\Http\\Middleware\\TrimStrings->handle()
#56 /home/gett5822/public_html/vendor/laravel/framework/src/Illuminate/Foundation/Http/Middleware/ValidatePostSize.php(27): Illuminate\\Pipeline\\Pipeline->Illuminate\\Pipeline\\{closure}()
#57 /home/gett5822/public_html/vendor/laravel/framework/src/Illuminate/Pipeline/Pipeline.php(180): Illuminate\\Foundation\\Http\\Middleware\\ValidatePostSize->handle()
#58 /home/gett5822/public_html/vendor/laravel/framework/src/Illuminate/Foundation/Http/Middleware/PreventRequestsDuringMaintenance.php(86): Illuminate\\Pipeline\\Pipeline->Illuminate\\Pipeline\\{closure}()
#59 /home/gett5822/public_html/vendor/laravel/framework/src/Illuminate/Pipeline/Pipeline.php(180): Illuminate\\Foundation\\Http\\Middleware\\PreventRequestsDuringMaintenance->handle()
#60 /home/gett5822/public_html/vendor/laravel/framework/src/Illuminate/Http/Middleware/HandleCors.php(49): Illuminate\\Pipeline\\Pipeline->Illuminate\\Pipeline\\{closure}()
#61 /home/gett5822/public_html/vendor/laravel/framework/src/Illuminate/Pipeline/Pipeline.php(180): Illuminate\\Http\\Middleware\\HandleCors->handle()
#62 /home/gett5822/public_html/app/Http/Middleware/RedirectToInstaller.php(40): Illuminate\\Pipeline\\Pipeline->Illuminate\\Pipeline\\{closure}()
#63 /home/gett5822/public_html/vendor/laravel/framework/src/Illuminate/Pipeline/Pipeline.php(180): App\\Http\\Middleware\\RedirectToInstaller->handle()
#64 /home/gett5822/public_html/vendor/laravel/framework/src/Illuminate/Http/Middleware/TrustProxies.php(39): Illuminate\\Pipeline\\Pipeline->Illuminate\\Pipeline\\{closure}()
#65 /home/gett5822/public_html/vendor/laravel/framework/src/Illuminate/Pipeline/Pipeline.php(180): Illuminate\\Http\\Middleware\\TrustProxies->handle()
#66 /home/gett5822/public_html/vendor/laravel/framework/src/Illuminate/Pipeline/Pipeline.php(116): Illuminate\\Pipeline\\Pipeline->Illuminate\\Pipeline\\{closure}()
#67 /home/gett5822/public_html/vendor/laravel/framework/src/Illuminate/Foundation/Http/Kernel.php(165): Illuminate\\Pipeline\\Pipeline->then()
#68 /home/gett5822/public_html/vendor/laravel/framework/src/Illuminate/Foundation/Http/Kernel.php(134): Illuminate\\Foundation\\Http\\Kernel->sendRequestThroughRouter()
#69 /home/gett5822/public_html/public/index.php(72): Illuminate\\Foundation\\Http\\Kernel->handle()
#70 {main}

[previous exception] [object] (PDOException(code: 23000): SQLSTATE[23000]: Integrity constraint violation: 1062 Duplicate entry 'istanbul Transfer' for key 'users_user_name_unique' at /home/gett5822/public_html/vendor/laravel/framework/src/Illuminate/Database/Connection.php:570)
[stacktrace]
#0 /home/gett5822/public_html/vendor/laravel/framework/src/Illuminate/Database/Connection.php(570): PDOStatement->execute()
#1 /home/gett5822/public_html/vendor/laravel/framework/src/Illuminate/Database/Connection.php(753): Illuminate\\Database\\Connection->Illuminate\\Database\\{closure}()
#2 /home/gett5822/public_html/vendor/laravel/framework/src/Illuminate/Database/Connection.php(720): Illuminate\\Database\\Connection->runQueryCallback()
#3 /home/gett5822/public_html/vendor/laravel/framework/src/Illuminate/Database/Connection.php(577): Illuminate\\Database\\Connection->run()
#4 /home/gett5822/public_html/vendor/laravel/framework/src/Illuminate/Database/Connection.php(510): Illuminate\\Database\\Connection->affectingStatement()
#5 /home/gett5822/public_html/vendor/laravel/framework/src/Illuminate/Database/Query/Builder.php(3305): Illuminate\\Database\\Connection->update()
#6 /home/gett5822/public_html/vendor/laravel/framework/src/Illuminate/Database/Eloquent/Builder.php(1003): Illuminate\\Database\\Query\\Builder->update()
#7 /home/gett5822/public_html/vendor/laravel/framework/src/Illuminate/Database/Eloquent/Model.php(1206): Illuminate\\Database\\Eloquent\\Builder->update()
#8 /home/gett5822/public_html/vendor/laravel/framework/src/Illuminate/Database/Eloquent/Model.php(1121): Illuminate\\Database\\Eloquent\\Model->performUpdate()
#9 /home/gett5822/public_html/modules/User/Admin/UserController.php(230): Illuminate\\Database\\Eloquent\\Model->save()
#10 /home/gett5822/public_html/vendor/laravel/framework/src/Illuminate/Routing/Controller.php(54): Modules\\User\\Admin\\UserController->store()
#11 /home/gett5822/public_html/vendor/laravel/framework/src/Illuminate/Routing/ControllerDispatcher.php(43): Illuminate\\Routing\\Controller->callAction()
#12 /home/gett5822/public_html/vendor/laravel/framework/src/Illuminate/Routing/Route.php(260): Illuminate\\Routing\\ControllerDispatcher->dispatch()
#13 /home/gett5822/public_html/vendor/laravel/framework/src/Illuminate/Routing/Route.php(205): Illuminate\\Routing\\Route->runController()
#14 /home/gett5822/public_html/vendor/laravel/framework/src/Illuminate/Routing/Router.php(798): Illuminate\\Routing\\Route->run()
#15 /home/gett5822/public_html/vendor/laravel/framework/src/Illuminate/Pipeline/Pipeline.php(141): Illuminate\\Routing\\Router->Illuminate\\Routing\\{closure}()
#16 /home/gett5822/public_html/app/Http/Middleware/Dashboard.php(25): Illuminate\\Pipeline\\Pipeline->Illuminate\\Pipeline\\{closure}()
#17 /home/gett5822/public_html/vendor/laravel/framework/src/Illuminate/Pipeline/Pipeline.php(180): App\\Http\\Middleware\\Dashboard->handle()
#18 /home/gett5822/public_html/app/Http/Middleware/RequireChangePassword.php(41): Illuminate\\Pipeline\\Pipeline->Illuminate\\Pipeline\\{closure}()
#19 /home/gett5822/public_html/vendor/laravel/framework/src/Illuminate/Pipeline/Pipeline.php(180): App\\Http\\Middleware\\RequireChangePassword->handle()
#20 /home/gett5822/public_html/app/Http/Middleware/SetLanguageForAdmin.php(37): Illuminate\\Pipeline\\Pipeline->Illuminate\\Pipeline\\{closure}()
#21 /home/gett5822/public_html/vendor/laravel/framework/src/Illuminate/Pipeline/Pipeline.php(180): App\\Http\\Middleware\\SetLanguageForAdmin->handle()
#22 /home/gett5822/public_html/app/Http/Middleware/SetCurrentCurrency.php(48): Illuminate\\Pipeline\\Pipeline->Illuminate\\Pipeline\\{closure}()
#23 /home/gett5822/public_html/vendor/laravel/framework/src/Illuminate/Pipeline/Pipeline.php(180): App\\Http\\Middleware\\SetCurrentCurrency->handle()
#24 /home/gett5822/public_html/app/Http/Middleware/HideDebugbar.php(32): Illuminate\\Pipeline\\Pipeline->Illuminate\\Pipeline\\{closure}()
#25 /home/gett5822/public_html/vendor/laravel/framework/src/Illuminate/Pipeline/Pipeline.php(180): App\\Http\\Middleware\\HideDebugbar->handle()
#26 /home/gett5822/public_html/app/Http/Middleware/RedirectForMultiLanguage.php(58): Illuminate\\Pipeline\\Pipeline->Illuminate\\Pipeline\\{closure}()
#27 /home/gett5822/public_html/vendor/laravel/framework/src/Illuminate/Pipeline/Pipeline.php(180): App\\Http\\Middleware\\RedirectForMultiLanguage->handle()
#28 /home/gett5822/public_html/vendor/laravel/framework/src/Illuminate/Routing/Middleware/SubstituteBindings.php(50): Illuminate\\Pipeline\\Pipeline->Illuminate\\Pipeline\\{closure}()
#29 /home/gett5822/public_html/vendor/laravel/framework/src/Illuminate/Pipeline/Pipeline.php(180): Illuminate\\Routing\\Middleware\\SubstituteBindings->handle()
#30 /home/gett5822/public_html/vendor/laravel/framework/src/Illuminate/Foundation/Http/Middleware/VerifyCsrfToken.php(78): Illuminate\\Pipeline\\Pipeline->Illuminate\\Pipeline\\{closure}()
#31 /home/gett5822/public_html/vendor/laravel/framework/src/Illuminate/Pipeline/Pipeline.php(180): Illuminate\\Foundation\\Http\\Middleware\\VerifyCsrfToken->handle()
#32 /home/gett5822/public_html/vendor/laravel/framework/src/Illuminate/View/Middleware/ShareErrorsFromSession.php(49): Illuminate\\Pipeline\\Pipeline->Illuminate\\Pipeline\\{closure}()
#33 /home/gett5822/public_html/vendor/laravel/framework/src/Illuminate/Pipeline/Pipeline.php(180): Illuminate\\View\\Middleware\\ShareErrorsFromSession->handle()
#34 /home/gett5822/public_html/vendor/laravel/framework/src/Illuminate/Session/Middleware/StartSession.php(121): Illuminate\\Pipeline\\Pipeline->Illuminate\\Pipeline\\{closure}()
#35 /home/gett5822/public_html/vendor/laravel/framework/src/Illuminate/Session/Middleware/StartSession.php(64): Illuminate\\Session\\Middleware\\StartSession->handleStatefulRequest()
#36 /home/gett5822/public_html/vendor/laravel/framework/src/Illuminate/Pipeline/Pipeline.php(180): Illuminate\\Session\\Middleware\\StartSession->handle()
#37 /home/gett5822/public_html/vendor/laravel/framework/src/Illuminate/Cookie/Middleware/AddQueuedCookiesToResponse.php(37): Illuminate\\Pipeline\\Pipeline->Illuminate\\Pipeline\\{closure}()
#38 /home/gett5822/public_html/vendor/laravel/framework/src/Illuminate/Pipeline/Pipeline.php(180): Illuminate\\Cookie\\Middleware\\AddQueuedCookiesToResponse->handle()
#39 /home/gett5822/public_html/vendor/laravel/framework/src/Illuminate/Cookie/Middleware/EncryptCookies.php(67): Illuminate\\Pipeline\\Pipeline->Illuminate\\Pipeline\\{closure}()
#40 /home/gett5822/public_html/vendor/laravel/framework/src/Illuminate/Pipeline/Pipeline.php(180): Illuminate\\Cookie\\Middleware\\EncryptCookies->handle()
#41 /home/gett5822/public_html/vendor/laravel/framework/src/Illuminate/Pipeline/Pipeline.php(116): Illuminate\\Pipeline\\Pipeline->Illuminate\\Pipeline\\{closure}()
#42 /home/gett5822/public_html/vendor/laravel/framework/src/Illuminate/Routing/Router.php(799): Illuminate\\Pipeline\\Pipeline->then()
#43 /home/gett5822/public_html/vendor/laravel/framework/src/Illuminate/Routing/Router.php(776): Illuminate\\Routing\\Router->runRouteWithinStack()
#44 /home/gett5822/public_html/vendor/laravel/framework/src/Illuminate/Routing/Router.php(740): Illuminate\\Routing\\Router->runRoute()
#45 /home/gett5822/public_html/vendor/laravel/framework/src/Illuminate/Routing/Router.php(729): Illuminate\\Routing\\Router->dispatchToRoute()
#46 /home/gett5822/public_html/vendor/laravel/framework/src/Illuminate/Foundation/Http/Kernel.php(190): Illuminate\\Routing\\Router->dispatch()
#47 /home/gett5822/public_html/vendor/laravel/framework/src/Illuminate/Pipeline/Pipeline.php(141): Illuminate\\Foundation\\Http\\Kernel->Illuminate\\Foundation\\Http\\{closure}()
#48 /home/gett5822/public_html/themes/Base/Core/Middleware/RunUpdater.php(72): Illuminate\\Pipeline\\Pipeline->Illuminate\\Pipeline\\{closure}()
#49 /home/gett5822/public_html/vendor/laravel/framework/src/Illuminate/Pipeline/Pipeline.php(180): Themes\\Base\\Core\\Middleware\\RunUpdater->handle()
#50 /home/gett5822/public_html/vendor/barryvdh/laravel-debugbar/src/Middleware/InjectDebugbar.php(59): Illuminate\\Pipeline\\Pipeline->Illuminate\\Pipeline\\{closure}()
#51 /home/gett5822/public_html/vendor/laravel/framework/src/Illuminate/Pipeline/Pipeline.php(180): Barryvdh\\Debugbar\\Middleware\\InjectDebugbar->handle()
#52 /home/gett5822/public_html/vendor/laravel/framework/src/Illuminate/Foundation/Http/Middleware/TransformsRequest.php(21): Illuminate\\Pipeline\\Pipeline->Illuminate\\Pipeline\\{closure}()
#53 /home/gett5822/public_html/vendor/laravel/framework/src/Illuminate/Foundation/Http/Middleware/ConvertEmptyStringsToNull.php(31): Illuminate\\Foundation\\Http\\Middleware\\TransformsRequest->handle()
#54 /home/gett5822/public_html/vendor/laravel/framework/src/Illuminate/Pipeline/Pipeline.php(180): Illuminate\\Foundation\\Http\\Middleware\\ConvertEmptyStringsToNull->handle()
#55 /home/gett5822/public_html/vendor/laravel/framework/src/Illuminate/Foundation/Http/Middleware/TransformsRequest.php(21): Illuminate\\Pipeline\\Pipeline->Illuminate\\Pipeline\\{closure}()
#56 /home/gett5822/public_html/vendor/laravel/framework/src/Illuminate/Foundation/Http/Middleware/TrimStrings.php(40): Illuminate\\Foundation\\Http\\Middleware\\TransformsRequest->handle()
#57 /home/gett5822/public_html/vendor/laravel/framework/src/Illuminate/Pipeline/Pipeline.php(180): Illuminate\\Foundation\\Http\\Middleware\\TrimStrings->handle()
#58 /home/gett5822/public_html/vendor/laravel/framework/src/Illuminate/Foundation/Http/Middleware/ValidatePostSize.php(27): Illuminate\\Pipeline\\Pipeline->Illuminate\\Pipeline\\{closure}()
#59 /home/gett5822/public_html/vendor/laravel/framework/src/Illuminate/Pipeline/Pipeline.php(180): Illuminate\\Foundation\\Http\\Middleware\\ValidatePostSize->handle()
#60 /home/gett5822/public_html/vendor/laravel/framework/src/Illuminate/Foundation/Http/Middleware/PreventRequestsDuringMaintenance.php(86): Illuminate\\Pipeline\\Pipeline->Illuminate\\Pipeline\\{closure}()
#61 /home/gett5822/public_html/vendor/laravel/framework/src/Illuminate/Pipeline/Pipeline.php(180): Illuminate\\Foundation\\Http\\Middleware\\PreventRequestsDuringMaintenance->handle()
#62 /home/gett5822/public_html/vendor/laravel/framework/src/Illuminate/Http/Middleware/HandleCors.php(49): Illuminate\\Pipeline\\Pipeline->Illuminate\\Pipeline\\{closure}()
#63 /home/gett5822/public_html/vendor/laravel/framework/src/Illuminate/Pipeline/Pipeline.php(180): Illuminate\\Http\\Middleware\\HandleCors->handle()
#64 /home/gett5822/public_html/app/Http/Middleware/RedirectToInstaller.php(40): Illuminate\\Pipeline\\Pipeline->Illuminate\\Pipeline\\{closure}()
#65 /home/gett5822/public_html/vendor/laravel/framework/src/Illuminate/Pipeline/Pipeline.php(180): App\\Http\\Middleware\\RedirectToInstaller->handle()
#66 /home/gett5822/public_html/vendor/laravel/framework/src/Illuminate/Http/Middleware/TrustProxies.php(39): Illuminate\\Pipeline\\Pipeline->Illuminate\\Pipeline\\{closure}()
#67 /home/gett5822/public_html/vendor/laravel/framework/src/Illuminate/Pipeline/Pipeline.php(180): Illuminate\\Http\\Middleware\\TrustProxies->handle()
#68 /home/gett5822/public_html/vendor/laravel/framework/src/Illuminate/Pipeline/Pipeline.php(116): Illuminate\\Pipeline\\Pipeline->Illuminate\\Pipeline\\{closure}()
#69 /home/gett5822/public_html/vendor/laravel/framework/src/Illuminate/Foundation/Http/Kernel.php(165): Illuminate\\Pipeline\\Pipeline->then()
#70 /home/gett5822/public_html/vendor/laravel/framework/src/Illuminate/Foundation/Http/Kernel.php(134): Illuminate\\Foundation\\Http\\Kernel->sendRequestThroughRouter()
#71 /home/gett5822/public_html/public/index.php(72): Illuminate\\Foundation\\Http\\Kernel->handle()
#72 {main}
"} 
