[2023-03-10 12:21:32] production.DEBUG: From: My Travel <contact@mytravel.com>
To: info@medyadesktek.com.tr
Subject: [Baf Turizm] Verify Register
MIME-Version: 1.0
Date: Fri, 10 Mar 2023 12:21:32 +0000
Message-ID: <4711f0070814df45d7cba1265be60434@mytravel.com>
Content-Type: text/html; charset=utf-8
Content-Transfer-Encoding: quoted-printable

<!doctype html>
<html xmlns=3D"http://www.w3.org/1999/xhtml" xmlns:v=3D"urn:schemas-microso=
ft-com:vml" xmlns:o=3D"urn:schemas-microsoft-com:office:office">
    <head>
        <title></title>
        <meta http-equiv=3D"X-UA-Compatible" content=3D"IE=3Dedge">
        <!--<![endif]-->
        <meta http-equiv=3D"Content-Type" content=3D"text/html; charset=3DU=
TF-8">
        <meta name=3D"viewport" content=3D"width=3Ddevice-width, initial-sc=
ale=3D1">
        <link rel=3D'stylesheet' id=3D'google-font-css-css'  href=3D'https:=
//fonts.googleapis.com/css?family=3DPoppins%3A400%2C500%2C600' type=3D'text=
/css' media=3D'all' />
        <style>
            .b-email-wrap{
                background: #ebeef2;
                padding: 40px 0px;
                color: #1A2B48;
                font-size: 14px;
                font-family: 'Poppins', sans-serif !important;
                font-weight: normal;
                line-height: 1.5;
                overflow-x: hidden;
                margin: 0px;
            }
            .b-header{
                background: #5291fa;
                padding: 30px;
                color: white;
            }
            .b-header .site-title,
            .b-header h1,
            .b-header h2,
            .b-header h3,
            .b-header h4,
            .b-header h5,
            .b-header p
            {
                margin:0px;
                display: block;
                text-align: center;
            }
            .b-container{
                max-width: 600px;
                margin: 0px auto;
            }

            .b-panel{
                border: 1px solid rgba(0, 0, 0, 0.1);
                margin-bottom: 30px;
                padding: 30px;
                background: white;
            }
            .b-panel .b-panel{
                padding: 0px;
                box-shadow: none;
            }
            .b-panel-title{
                text-align: center;
                margin-bottom: 30px;
                font-size: 24px;
                font-weight: 500;
            }
            .b-table-wrap{
                overflow-x:auto;
            }
            .b-table{
                width: 100%;
            }
            .b-table tr td,
            .b-table .b-tr,
            .b-table tr th{
                padding: 10px;
            }
            .b-table .b-tr{
                clear: both;
                border-bottom: 1px solid #EAEEF3;
            }
            .b-table .b-tr:after{
                display: table;
                clear: both;
                content:'';
            }
            .b-table tr td{
                border-bottom: 1px solid #EAEEF3;
            }
            .b-table tbody tr:nth-child(even) td{
                /*background: #f5f7fd;*/
            }
            .b-table tbody tr td.label,
            .b-table .b-tr .label{
                font-weight: 500;
            }
            .b-table tbody tr td.val,
            .b-table .b-tr .val{
                text-align: right;
            }

            .b-table tbody tr td.val p,
            .b-table .b-tr .val p{
                padding: 0;
                margin: 0;
            }

            .b-table .b-tr .label,
            .b-table .b-tr .val{
                float: left;
                width: 50%;
            }
            .pricing-list{
                text-align: left;
                margin: 0px;
                padding: 0px;
                list-style: none;
            }
            .pricing-list td{
                padding: 7px 0px;
            }
            .pricing-list td .val{
                text-align: right;
            }
            .pricing-list .no-flex{
                display: block;
            }
            .email-headline{
                margin-top: 0px;
            }

            .text-center{
                text-align: center;
            }

            .btn{
                display: inline-block;
                color: #212529;
                text-align: center;
                vertical-align: middle;
                -webkit-user-select: none;
                -moz-user-select: none;
                -ms-user-select: none;
                user-select: none;
                background-color: #ebeef2;
                line-height: 1.5;
                border: none;
                -webkit-box-shadow: none;
                box-shadow: none;
                border-radius: 3px;
                padding: 7px 20px;
                -webkit-transition: background .2s, color .2s;
                transition: background .2s, color .2s;
                font-size: 14px;
                font-weight: 500;
                text-decoration: none;
            }
            .btn.btn-primary{

                background: #5191FA;
                color: white;
            }
            .mt20{
                margin-top: 20px;
            }
            .no-padding{
                padding: 0px;
            }
            .no-r-padding{
                padding-right: 0px!important;
            }
            .fsz21{
                font-size: 21px;
            }
            .no-b-border{
                border-bottom: 0px!important;
            }
            @media screen and (max-width: 768px) {
                .b-panel{
                    padding: 15px;
                }
                .b-table tr td,
                .b-table tr th{
                    padding-right: 2px;
                    padding-left: 2px;
                }
                .b-panel-title{
                    font-size: 18px;
                    font-weight: bold;
                    margin-bottom: 15px;
                }
                .b-email-wrap{
                    padding: 0px;
                }

                .b-table .b-tr .label,
                .b-table .b-tr .val{
                    float:none;
                }

                .b-table .b-tr .val{
                    text-align: left;
                }
            }
                    </style>
    </head>
    <body>
        <div class=3D"b-email-wrap">
            <div class=3D"" style=3D"">
    <div class=3D"b-container">
        <div class=3D"b-header">
                        <h1 class=3D"site-title">Baf Turizm</h1>
        </div>
    </div>
</div>

                <div class=3D"b-container">
        <div class=3D"b-panel">
           =20
            <h1>Hello!</h1>
            <p>Please click the button to verify your email address!</p>
            <p style=3D"text-align: center"><a style=3D"border-radius: 3px;
                color: #fff;
                display: inline-block;
                text-decoration: none;
                background-color: #3490dc;
                border-top: 10px solid #3490dc;
                border-right: 18px solid #3490dc;
                border-bottom: 10px solid #3490dc;
                border-left: 18px solid #3490dc;" href=3D"http://deneme.get=
transferistanbul.com/email/verify/7/02affa3851eb25dc6680eb02ae16c01778abc06=
6?expires=3D1678454492&signature=3D44a6b03408d60630dcd185ddb409ccf7fa1d2a06=
1b7f64776af882f3c3716e26">Verify Email Address</a></p>
            <p>If you did not create account, no further action is required=
.</p>
            <p>Regards,<br>Baf Turizm</p>
        </div>
    </div>

            <div class=3D"b-footer" style=3D"margin-top: 0px;">
    <div class=3D"b-container">
       =20
    </div>
</div>        </div>
    </body>
</html>
  
[2023-03-10 12:21:32] production.DEBUG: From: My Travel <contact@mytravel.com>
To: info@medyadesktek.com.tr
Subject: istanbul transfer has registered.
MIME-Version: 1.0
Date: Fri, 10 Mar 2023 12:21:32 +0000
Message-ID: <4c73c3affd1d2a567814f2d862efd4d3@mytravel.com>
Content-Type: text/html; charset=utf-8
Content-Transfer-Encoding: quoted-printable

<!doctype html>
<html xmlns=3D"http://www.w3.org/1999/xhtml" xmlns:v=3D"urn:schemas-microso=
ft-com:vml" xmlns:o=3D"urn:schemas-microsoft-com:office:office">
    <head>
        <title></title>
        <meta http-equiv=3D"X-UA-Compatible" content=3D"IE=3Dedge">
        <!--<![endif]-->
        <meta http-equiv=3D"Content-Type" content=3D"text/html; charset=3DU=
TF-8">
        <meta name=3D"viewport" content=3D"width=3Ddevice-width, initial-sc=
ale=3D1">
        <link rel=3D'stylesheet' id=3D'google-font-css-css'  href=3D'https:=
//fonts.googleapis.com/css?family=3DPoppins%3A400%2C500%2C600' type=3D'text=
/css' media=3D'all' />
        <style>
            .b-email-wrap{
                background: #ebeef2;
                padding: 40px 0px;
                color: #1A2B48;
                font-size: 14px;
                font-family: 'Poppins', sans-serif !important;
                font-weight: normal;
                line-height: 1.5;
                overflow-x: hidden;
                margin: 0px;
            }
            .b-header{
                background: #5291fa;
                padding: 30px;
                color: white;
            }
            .b-header .site-title,
            .b-header h1,
            .b-header h2,
            .b-header h3,
            .b-header h4,
            .b-header h5,
            .b-header p
            {
                margin:0px;
                display: block;
                text-align: center;
            }
            .b-container{
                max-width: 600px;
                margin: 0px auto;
            }

            .b-panel{
                border: 1px solid rgba(0, 0, 0, 0.1);
                margin-bottom: 30px;
                padding: 30px;
                background: white;
            }
            .b-panel .b-panel{
                padding: 0px;
                box-shadow: none;
            }
            .b-panel-title{
                text-align: center;
                margin-bottom: 30px;
                font-size: 24px;
                font-weight: 500;
            }
            .b-table-wrap{
                overflow-x:auto;
            }
            .b-table{
                width: 100%;
            }
            .b-table tr td,
            .b-table .b-tr,
            .b-table tr th{
                padding: 10px;
            }
            .b-table .b-tr{
                clear: both;
                border-bottom: 1px solid #EAEEF3;
            }
            .b-table .b-tr:after{
                display: table;
                clear: both;
                content:'';
            }
            .b-table tr td{
                border-bottom: 1px solid #EAEEF3;
            }
            .b-table tbody tr:nth-child(even) td{
                /*background: #f5f7fd;*/
            }
            .b-table tbody tr td.label,
            .b-table .b-tr .label{
                font-weight: 500;
            }
            .b-table tbody tr td.val,
            .b-table .b-tr .val{
                text-align: right;
            }

            .b-table tbody tr td.val p,
            .b-table .b-tr .val p{
                padding: 0;
                margin: 0;
            }

            .b-table .b-tr .label,
            .b-table .b-tr .val{
                float: left;
                width: 50%;
            }
            .pricing-list{
                text-align: left;
                margin: 0px;
                padding: 0px;
                list-style: none;
            }
            .pricing-list td{
                padding: 7px 0px;
            }
            .pricing-list td .val{
                text-align: right;
            }
            .pricing-list .no-flex{
                display: block;
            }
            .email-headline{
                margin-top: 0px;
            }

            .text-center{
                text-align: center;
            }

            .btn{
                display: inline-block;
                color: #212529;
                text-align: center;
                vertical-align: middle;
                -webkit-user-select: none;
                -moz-user-select: none;
                -ms-user-select: none;
                user-select: none;
                background-color: #ebeef2;
                line-height: 1.5;
                border: none;
                -webkit-box-shadow: none;
                box-shadow: none;
                border-radius: 3px;
                padding: 7px 20px;
                -webkit-transition: background .2s, color .2s;
                transition: background .2s, color .2s;
                font-size: 14px;
                font-weight: 500;
                text-decoration: none;
            }
            .btn.btn-primary{

                background: #5191FA;
                color: white;
            }
            .mt20{
                margin-top: 20px;
            }
            .no-padding{
                padding: 0px;
            }
            .no-r-padding{
                padding-right: 0px!important;
            }
            .fsz21{
                font-size: 21px;
            }
            .no-b-border{
                border-bottom: 0px!important;
            }
            @media screen and (max-width: 768px) {
                .b-panel{
                    padding: 15px;
                }
                .b-table tr td,
                .b-table tr th{
                    padding-right: 2px;
                    padding-left: 2px;
                }
                .b-panel-title{
                    font-size: 18px;
                    font-weight: bold;
                    margin-bottom: 15px;
                }
                .b-email-wrap{
                    padding: 0px;
                }

                .b-table .b-tr .label,
                .b-table .b-tr .val{
                    float:none;
                }

                .b-table .b-tr .val{
                    text-align: left;
                }
            }
                    </style>
    </head>
    <body>
        <div class=3D"b-email-wrap">
            <div class=3D"" style=3D"">
    <div class=3D"b-container">
        <div class=3D"b-header">
                        <h1 class=3D"site-title">Baf Turizm</h1>
        </div>
    </div>
</div>

                <div class=3D"b-container">
        <div class=3D"b-panel">
            <h1 style=3D"text-align: center">Welcome!</h1>
                    <h3>Hello istanbul transfer</h3>
                    <p>Thank you for signing up with My Travel! We hope you=
 enjoy your time with us.</p>
                    <p>Regards,</p>
                    <p>My Travel</p>
        </div>
    </div>

            <div class=3D"b-footer" style=3D"margin-top: 0px;">
    <div class=3D"b-container">
       =20
    </div>
</div>        </div>
    </body>
</html>
  
[2023-03-10 12:21:32] production.DEBUG: From: My Travel <contact@mytravel.com>
To: contact@mytravel.com
Subject: istanbul transfer has registered.
MIME-Version: 1.0
Date: Fri, 10 Mar 2023 12:21:32 +0000
Message-ID: <330c845b15f5ee29975be561cd90ae74@mytravel.com>
Content-Type: text/html; charset=utf-8
Content-Transfer-Encoding: quoted-printable

<!doctype html>
<html xmlns=3D"http://www.w3.org/1999/xhtml" xmlns:v=3D"urn:schemas-microso=
ft-com:vml" xmlns:o=3D"urn:schemas-microsoft-com:office:office">
    <head>
        <title></title>
        <meta http-equiv=3D"X-UA-Compatible" content=3D"IE=3Dedge">
        <!--<![endif]-->
        <meta http-equiv=3D"Content-Type" content=3D"text/html; charset=3DU=
TF-8">
        <meta name=3D"viewport" content=3D"width=3Ddevice-width, initial-sc=
ale=3D1">
        <link rel=3D'stylesheet' id=3D'google-font-css-css'  href=3D'https:=
//fonts.googleapis.com/css?family=3DPoppins%3A400%2C500%2C600' type=3D'text=
/css' media=3D'all' />
        <style>
            .b-email-wrap{
                background: #ebeef2;
                padding: 40px 0px;
                color: #1A2B48;
                font-size: 14px;
                font-family: 'Poppins', sans-serif !important;
                font-weight: normal;
                line-height: 1.5;
                overflow-x: hidden;
                margin: 0px;
            }
            .b-header{
                background: #5291fa;
                padding: 30px;
                color: white;
            }
            .b-header .site-title,
            .b-header h1,
            .b-header h2,
            .b-header h3,
            .b-header h4,
            .b-header h5,
            .b-header p
            {
                margin:0px;
                display: block;
                text-align: center;
            }
            .b-container{
                max-width: 600px;
                margin: 0px auto;
            }

            .b-panel{
                border: 1px solid rgba(0, 0, 0, 0.1);
                margin-bottom: 30px;
                padding: 30px;
                background: white;
            }
            .b-panel .b-panel{
                padding: 0px;
                box-shadow: none;
            }
            .b-panel-title{
                text-align: center;
                margin-bottom: 30px;
                font-size: 24px;
                font-weight: 500;
            }
            .b-table-wrap{
                overflow-x:auto;
            }
            .b-table{
                width: 100%;
            }
            .b-table tr td,
            .b-table .b-tr,
            .b-table tr th{
                padding: 10px;
            }
            .b-table .b-tr{
                clear: both;
                border-bottom: 1px solid #EAEEF3;
            }
            .b-table .b-tr:after{
                display: table;
                clear: both;
                content:'';
            }
            .b-table tr td{
                border-bottom: 1px solid #EAEEF3;
            }
            .b-table tbody tr:nth-child(even) td{
                /*background: #f5f7fd;*/
            }
            .b-table tbody tr td.label,
            .b-table .b-tr .label{
                font-weight: 500;
            }
            .b-table tbody tr td.val,
            .b-table .b-tr .val{
                text-align: right;
            }

            .b-table tbody tr td.val p,
            .b-table .b-tr .val p{
                padding: 0;
                margin: 0;
            }

            .b-table .b-tr .label,
            .b-table .b-tr .val{
                float: left;
                width: 50%;
            }
            .pricing-list{
                text-align: left;
                margin: 0px;
                padding: 0px;
                list-style: none;
            }
            .pricing-list td{
                padding: 7px 0px;
            }
            .pricing-list td .val{
                text-align: right;
            }
            .pricing-list .no-flex{
                display: block;
            }
            .email-headline{
                margin-top: 0px;
            }

            .text-center{
                text-align: center;
            }

            .btn{
                display: inline-block;
                color: #212529;
                text-align: center;
                vertical-align: middle;
                -webkit-user-select: none;
                -moz-user-select: none;
                -ms-user-select: none;
                user-select: none;
                background-color: #ebeef2;
                line-height: 1.5;
                border: none;
                -webkit-box-shadow: none;
                box-shadow: none;
                border-radius: 3px;
                padding: 7px 20px;
                -webkit-transition: background .2s, color .2s;
                transition: background .2s, color .2s;
                font-size: 14px;
                font-weight: 500;
                text-decoration: none;
            }
            .btn.btn-primary{

                background: #5191FA;
                color: white;
            }
            .mt20{
                margin-top: 20px;
            }
            .no-padding{
                padding: 0px;
            }
            .no-r-padding{
                padding-right: 0px!important;
            }
            .fsz21{
                font-size: 21px;
            }
            .no-b-border{
                border-bottom: 0px!important;
            }
            @media screen and (max-width: 768px) {
                .b-panel{
                    padding: 15px;
                }
                .b-table tr td,
                .b-table tr th{
                    padding-right: 2px;
                    padding-left: 2px;
                }
                .b-panel-title{
                    font-size: 18px;
                    font-weight: bold;
                    margin-bottom: 15px;
                }
                .b-email-wrap{
                    padding: 0px;
                }

                .b-table .b-tr .label,
                .b-table .b-tr .val{
                    float:none;
                }

                .b-table .b-tr .val{
                    text-align: left;
                }
            }
                    </style>
    </head>
    <body>
        <div class=3D"b-email-wrap">
            <div class=3D"" style=3D"">
    <div class=3D"b-container">
        <div class=3D"b-header">
                        <h1 class=3D"site-title">Baf Turizm</h1>
        </div>
    </div>
</div>

                <div class=3D"b-container">
        <div class=3D"b-panel">
            <h3>Hello Administrator</h3>
                    <p>We have new registration</p>
                    <p>Full name: istanbul transfer</p>
                    <p>Email: info@medyadesktek.com.tr</p>
                    <p>Regards,</p>
                    <p>My Travel</p>
        </div>
    </div>

            <div class=3D"b-footer" style=3D"margin-top: 0px;">
    <div class=3D"b-container">
       =20
    </div>
</div>        </div>
    </body>
</html>
  
[2023-03-10 12:21:40] production.DEBUG: From: My Travel <contact@mytravel.com>
To: info@medyadesktek.com.tr
Subject: istanbul transfer has registered.
MIME-Version: 1.0
Date: Fri, 10 Mar 2023 12:21:40 +0000
Message-ID: <626e220431dbd71b1be3d7a7689ab57a@mytravel.com>
Content-Type: text/html; charset=utf-8
Content-Transfer-Encoding: quoted-printable

<!doctype html>
<html xmlns=3D"http://www.w3.org/1999/xhtml" xmlns:v=3D"urn:schemas-microso=
ft-com:vml" xmlns:o=3D"urn:schemas-microsoft-com:office:office">
    <head>
        <title></title>
        <meta http-equiv=3D"X-UA-Compatible" content=3D"IE=3Dedge">
        <!--<![endif]-->
        <meta http-equiv=3D"Content-Type" content=3D"text/html; charset=3DU=
TF-8">
        <meta name=3D"viewport" content=3D"width=3Ddevice-width, initial-sc=
ale=3D1">
        <link rel=3D'stylesheet' id=3D'google-font-css-css'  href=3D'https:=
//fonts.googleapis.com/css?family=3DPoppins%3A400%2C500%2C600' type=3D'text=
/css' media=3D'all' />
        <style>
            .b-email-wrap{
                background: #ebeef2;
                padding: 40px 0px;
                color: #1A2B48;
                font-size: 14px;
                font-family: 'Poppins', sans-serif !important;
                font-weight: normal;
                line-height: 1.5;
                overflow-x: hidden;
                margin: 0px;
            }
            .b-header{
                background: #5291fa;
                padding: 30px;
                color: white;
            }
            .b-header .site-title,
            .b-header h1,
            .b-header h2,
            .b-header h3,
            .b-header h4,
            .b-header h5,
            .b-header p
            {
                margin:0px;
                display: block;
                text-align: center;
            }
            .b-container{
                max-width: 600px;
                margin: 0px auto;
            }

            .b-panel{
                border: 1px solid rgba(0, 0, 0, 0.1);
                margin-bottom: 30px;
                padding: 30px;
                background: white;
            }
            .b-panel .b-panel{
                padding: 0px;
                box-shadow: none;
            }
            .b-panel-title{
                text-align: center;
                margin-bottom: 30px;
                font-size: 24px;
                font-weight: 500;
            }
            .b-table-wrap{
                overflow-x:auto;
            }
            .b-table{
                width: 100%;
            }
            .b-table tr td,
            .b-table .b-tr,
            .b-table tr th{
                padding: 10px;
            }
            .b-table .b-tr{
                clear: both;
                border-bottom: 1px solid #EAEEF3;
            }
            .b-table .b-tr:after{
                display: table;
                clear: both;
                content:'';
            }
            .b-table tr td{
                border-bottom: 1px solid #EAEEF3;
            }
            .b-table tbody tr:nth-child(even) td{
                /*background: #f5f7fd;*/
            }
            .b-table tbody tr td.label,
            .b-table .b-tr .label{
                font-weight: 500;
            }
            .b-table tbody tr td.val,
            .b-table .b-tr .val{
                text-align: right;
            }

            .b-table tbody tr td.val p,
            .b-table .b-tr .val p{
                padding: 0;
                margin: 0;
            }

            .b-table .b-tr .label,
            .b-table .b-tr .val{
                float: left;
                width: 50%;
            }
            .pricing-list{
                text-align: left;
                margin: 0px;
                padding: 0px;
                list-style: none;
            }
            .pricing-list td{
                padding: 7px 0px;
            }
            .pricing-list td .val{
                text-align: right;
            }
            .pricing-list .no-flex{
                display: block;
            }
            .email-headline{
                margin-top: 0px;
            }

            .text-center{
                text-align: center;
            }

            .btn{
                display: inline-block;
                color: #212529;
                text-align: center;
                vertical-align: middle;
                -webkit-user-select: none;
                -moz-user-select: none;
                -ms-user-select: none;
                user-select: none;
                background-color: #ebeef2;
                line-height: 1.5;
                border: none;
                -webkit-box-shadow: none;
                box-shadow: none;
                border-radius: 3px;
                padding: 7px 20px;
                -webkit-transition: background .2s, color .2s;
                transition: background .2s, color .2s;
                font-size: 14px;
                font-weight: 500;
                text-decoration: none;
            }
            .btn.btn-primary{

                background: #5191FA;
                color: white;
            }
            .mt20{
                margin-top: 20px;
            }
            .no-padding{
                padding: 0px;
            }
            .no-r-padding{
                padding-right: 0px!important;
            }
            .fsz21{
                font-size: 21px;
            }
            .no-b-border{
                border-bottom: 0px!important;
            }
            @media screen and (max-width: 768px) {
                .b-panel{
                    padding: 15px;
                }
                .b-table tr td,
                .b-table tr th{
                    padding-right: 2px;
                    padding-left: 2px;
                }
                .b-panel-title{
                    font-size: 18px;
                    font-weight: bold;
                    margin-bottom: 15px;
                }
                .b-email-wrap{
                    padding: 0px;
                }

                .b-table .b-tr .label,
                .b-table .b-tr .val{
                    float:none;
                }

                .b-table .b-tr .val{
                    text-align: left;
                }
            }
                    </style>
    </head>
    <body>
        <div class=3D"b-email-wrap">
            <div class=3D"" style=3D"">
    <div class=3D"b-container">
        <div class=3D"b-header">
                        <h1 class=3D"site-title">Baf Turizm</h1>
        </div>
    </div>
</div>

                <div class=3D"b-container">
        <div class=3D"b-panel">
            <h1 style=3D"text-align: center;">Ho=C5=9F geldin!</h1>
<h3>Merhaba istanbul transfer</h3>
<p>kaydoldu=C4=9Funuz i&ccedil;in te=C5=9Fekk&uuml;r ederiz! Umar=C4=B1z bi=
zimle ge&ccedil;irdi=C4=9Finiz zaman=C4=B1n tad=C4=B1n=C4=B1 &ccedil;=C4=
=B1kar=C4=B1rs=C4=B1n=C4=B1z.</p>
<p>Sayg=C4=B1lar</p>
<p>in</p>
        </div>
    </div>

            <div class=3D"b-footer" style=3D"margin-top: 0px;">
    <div class=3D"b-container">
       =20
    </div>
</div>        </div>
    </body>
</html>
  
[2023-03-10 12:21:40] production.DEBUG: From: My Travel <contact@mytravel.com>
To: contact@mytravel.com
Subject: New Vendor Registration
MIME-Version: 1.0
Date: Fri, 10 Mar 2023 12:21:40 +0000
Message-ID: <c2cb1bbc8d421224b531765624cc1c57@mytravel.com>
Content-Type: text/html; charset=utf-8
Content-Transfer-Encoding: quoted-printable

<!doctype html>
<html xmlns=3D"http://www.w3.org/1999/xhtml" xmlns:v=3D"urn:schemas-microso=
ft-com:vml" xmlns:o=3D"urn:schemas-microsoft-com:office:office">
    <head>
        <title></title>
        <meta http-equiv=3D"X-UA-Compatible" content=3D"IE=3Dedge">
        <!--<![endif]-->
        <meta http-equiv=3D"Content-Type" content=3D"text/html; charset=3DU=
TF-8">
        <meta name=3D"viewport" content=3D"width=3Ddevice-width, initial-sc=
ale=3D1">
        <link rel=3D'stylesheet' id=3D'google-font-css-css'  href=3D'https:=
//fonts.googleapis.com/css?family=3DPoppins%3A400%2C500%2C600' type=3D'text=
/css' media=3D'all' />
        <style>
            .b-email-wrap{
                background: #ebeef2;
                padding: 40px 0px;
                color: #1A2B48;
                font-size: 14px;
                font-family: 'Poppins', sans-serif !important;
                font-weight: normal;
                line-height: 1.5;
                overflow-x: hidden;
                margin: 0px;
            }
            .b-header{
                background: #5291fa;
                padding: 30px;
                color: white;
            }
            .b-header .site-title,
            .b-header h1,
            .b-header h2,
            .b-header h3,
            .b-header h4,
            .b-header h5,
            .b-header p
            {
                margin:0px;
                display: block;
                text-align: center;
            }
            .b-container{
                max-width: 600px;
                margin: 0px auto;
            }

            .b-panel{
                border: 1px solid rgba(0, 0, 0, 0.1);
                margin-bottom: 30px;
                padding: 30px;
                background: white;
            }
            .b-panel .b-panel{
                padding: 0px;
                box-shadow: none;
            }
            .b-panel-title{
                text-align: center;
                margin-bottom: 30px;
                font-size: 24px;
                font-weight: 500;
            }
            .b-table-wrap{
                overflow-x:auto;
            }
            .b-table{
                width: 100%;
            }
            .b-table tr td,
            .b-table .b-tr,
            .b-table tr th{
                padding: 10px;
            }
            .b-table .b-tr{
                clear: both;
                border-bottom: 1px solid #EAEEF3;
            }
            .b-table .b-tr:after{
                display: table;
                clear: both;
                content:'';
            }
            .b-table tr td{
                border-bottom: 1px solid #EAEEF3;
            }
            .b-table tbody tr:nth-child(even) td{
                /*background: #f5f7fd;*/
            }
            .b-table tbody tr td.label,
            .b-table .b-tr .label{
                font-weight: 500;
            }
            .b-table tbody tr td.val,
            .b-table .b-tr .val{
                text-align: right;
            }

            .b-table tbody tr td.val p,
            .b-table .b-tr .val p{
                padding: 0;
                margin: 0;
            }

            .b-table .b-tr .label,
            .b-table .b-tr .val{
                float: left;
                width: 50%;
            }
            .pricing-list{
                text-align: left;
                margin: 0px;
                padding: 0px;
                list-style: none;
            }
            .pricing-list td{
                padding: 7px 0px;
            }
            .pricing-list td .val{
                text-align: right;
            }
            .pricing-list .no-flex{
                display: block;
            }
            .email-headline{
                margin-top: 0px;
            }

            .text-center{
                text-align: center;
            }

            .btn{
                display: inline-block;
                color: #212529;
                text-align: center;
                vertical-align: middle;
                -webkit-user-select: none;
                -moz-user-select: none;
                -ms-user-select: none;
                user-select: none;
                background-color: #ebeef2;
                line-height: 1.5;
                border: none;
                -webkit-box-shadow: none;
                box-shadow: none;
                border-radius: 3px;
                padding: 7px 20px;
                -webkit-transition: background .2s, color .2s;
                transition: background .2s, color .2s;
                font-size: 14px;
                font-weight: 500;
                text-decoration: none;
            }
            .btn.btn-primary{

                background: #5191FA;
                color: white;
            }
            .mt20{
                margin-top: 20px;
            }
            .no-padding{
                padding: 0px;
            }
            .no-r-padding{
                padding-right: 0px!important;
            }
            .fsz21{
                font-size: 21px;
            }
            .no-b-border{
                border-bottom: 0px!important;
            }
            @media screen and (max-width: 768px) {
                .b-panel{
                    padding: 15px;
                }
                .b-table tr td,
                .b-table tr th{
                    padding-right: 2px;
                    padding-left: 2px;
                }
                .b-panel-title{
                    font-size: 18px;
                    font-weight: bold;
                    margin-bottom: 15px;
                }
                .b-email-wrap{
                    padding: 0px;
                }

                .b-table .b-tr .label,
                .b-table .b-tr .val{
                    float:none;
                }

                .b-table .b-tr .val{
                    text-align: left;
                }
            }
                    </style>
    </head>
    <body>
        <div class=3D"b-email-wrap">
            <div class=3D"" style=3D"">
    <div class=3D"b-container">
        <div class=3D"b-header">
                        <h1 class=3D"site-title">Baf Turizm</h1>
        </div>
    </div>
</div>

            <div class=3D"b-container">
    <div class=3D"b-panel">
        <h3>Merhaba Y&ouml;netici</h3>
<p>Bir kullan=C4=B1c=C4=B1 Sat=C4=B1c=C4=B1 olarak kaydedilmi=C5=9Ftir. L&u=
uml;tfen a=C5=9Fa=C4=9F=C4=B1daki bilgileri kontrol edin:</p>
<p>Tam ad=C4=B1: istanbul transfer</p>
<p>E-posta: info@medyadesktek.com.tr</p>
<p>Kay=C4=B1t tarihi: 2023-03-10 12:21:32</p>
<p>=C4=B0ste=C4=9Fi buradan onaylayabilirsiniz: <a href=3D'http://deneme.ge=
ttransferistanbul.com/admin/module/user/userUpgradeRequest'>http://deneme.g=
ettransferistanbul.com/admin/module/user/userUpgradeRequest</a></p>
<p>Sayg=C4=B1lar</p>
<p>sss</p>
    </div>
</div>

            <div class=3D"b-footer" style=3D"margin-top: 0px;">
    <div class=3D"b-container">
       =20
    </div>
</div>        </div>
    </body>
</html>
  
[2023-03-10 12:22:19] production.DEBUG: From: My Travel <contact@mytravel.com>
To: info@medyadesktek.com.tr
Subject: Vendor Registration Approved
MIME-Version: 1.0
Date: Fri, 10 Mar 2023 12:22:19 +0000
Message-ID: <44a8360573497c5a5e15e5189c4ca895@mytravel.com>
Content-Type: text/html; charset=utf-8
Content-Transfer-Encoding: quoted-printable

<!doctype html>
<html xmlns=3D"http://www.w3.org/1999/xhtml" xmlns:v=3D"urn:schemas-microso=
ft-com:vml" xmlns:o=3D"urn:schemas-microsoft-com:office:office">
    <head>
        <title></title>
        <meta http-equiv=3D"X-UA-Compatible" content=3D"IE=3Dedge">
        <!--<![endif]-->
        <meta http-equiv=3D"Content-Type" content=3D"text/html; charset=3DU=
TF-8">
        <meta name=3D"viewport" content=3D"width=3Ddevice-width, initial-sc=
ale=3D1">
        <link rel=3D'stylesheet' id=3D'google-font-css-css'  href=3D'https:=
//fonts.googleapis.com/css?family=3DPoppins%3A400%2C500%2C600' type=3D'text=
/css' media=3D'all' />
        <style>
            .b-email-wrap{
                background: #ebeef2;
                padding: 40px 0px;
                color: #1A2B48;
                font-size: 14px;
                font-family: 'Poppins', sans-serif !important;
                font-weight: normal;
                line-height: 1.5;
                overflow-x: hidden;
                margin: 0px;
            }
            .b-header{
                background: #5291fa;
                padding: 30px;
                color: white;
            }
            .b-header .site-title,
            .b-header h1,
            .b-header h2,
            .b-header h3,
            .b-header h4,
            .b-header h5,
            .b-header p
            {
                margin:0px;
                display: block;
                text-align: center;
            }
            .b-container{
                max-width: 600px;
                margin: 0px auto;
            }

            .b-panel{
                border: 1px solid rgba(0, 0, 0, 0.1);
                margin-bottom: 30px;
                padding: 30px;
                background: white;
            }
            .b-panel .b-panel{
                padding: 0px;
                box-shadow: none;
            }
            .b-panel-title{
                text-align: center;
                margin-bottom: 30px;
                font-size: 24px;
                font-weight: 500;
            }
            .b-table-wrap{
                overflow-x:auto;
            }
            .b-table{
                width: 100%;
            }
            .b-table tr td,
            .b-table .b-tr,
            .b-table tr th{
                padding: 10px;
            }
            .b-table .b-tr{
                clear: both;
                border-bottom: 1px solid #EAEEF3;
            }
            .b-table .b-tr:after{
                display: table;
                clear: both;
                content:'';
            }
            .b-table tr td{
                border-bottom: 1px solid #EAEEF3;
            }
            .b-table tbody tr:nth-child(even) td{
                /*background: #f5f7fd;*/
            }
            .b-table tbody tr td.label,
            .b-table .b-tr .label{
                font-weight: 500;
            }
            .b-table tbody tr td.val,
            .b-table .b-tr .val{
                text-align: right;
            }

            .b-table tbody tr td.val p,
            .b-table .b-tr .val p{
                padding: 0;
                margin: 0;
            }

            .b-table .b-tr .label,
            .b-table .b-tr .val{
                float: left;
                width: 50%;
            }
            .pricing-list{
                text-align: left;
                margin: 0px;
                padding: 0px;
                list-style: none;
            }
            .pricing-list td{
                padding: 7px 0px;
            }
            .pricing-list td .val{
                text-align: right;
            }
            .pricing-list .no-flex{
                display: block;
            }
            .email-headline{
                margin-top: 0px;
            }

            .text-center{
                text-align: center;
            }

            .btn{
                display: inline-block;
                color: #212529;
                text-align: center;
                vertical-align: middle;
                -webkit-user-select: none;
                -moz-user-select: none;
                -ms-user-select: none;
                user-select: none;
                background-color: #ebeef2;
                line-height: 1.5;
                border: none;
                -webkit-box-shadow: none;
                box-shadow: none;
                border-radius: 3px;
                padding: 7px 20px;
                -webkit-transition: background .2s, color .2s;
                transition: background .2s, color .2s;
                font-size: 14px;
                font-weight: 500;
                text-decoration: none;
            }
            .btn.btn-primary{

                background: #5191FA;
                color: white;
            }
            .mt20{
                margin-top: 20px;
            }
            .no-padding{
                padding: 0px;
            }
            .no-r-padding{
                padding-right: 0px!important;
            }
            .fsz21{
                font-size: 21px;
            }
            .no-b-border{
                border-bottom: 0px!important;
            }
            @media screen and (max-width: 768px) {
                .b-panel{
                    padding: 15px;
                }
                .b-table tr td,
                .b-table tr th{
                    padding-right: 2px;
                    padding-left: 2px;
                }
                .b-panel-title{
                    font-size: 18px;
                    font-weight: bold;
                    margin-bottom: 15px;
                }
                .b-email-wrap{
                    padding: 0px;
                }

                .b-table .b-tr .label,
                .b-table .b-tr .val{
                    float:none;
                }

                .b-table .b-tr .val{
                    text-align: left;
                }
            }
                    </style>
    </head>
    <body>
        <div class=3D"b-email-wrap">
            <div class=3D"" style=3D"">
    <div class=3D"b-container">
        <div class=3D"b-header">
                        <h1 class=3D"site-title">Baf Turizm</h1>
        </div>
    </div>
</div>

                <div class=3D"b-container">
        <div class=3D"b-panel">
            <h1>Hello istanbul</h1>

            <p>You are receiving this email because we approved your vendor=
 registration request.</p>
            <p>You can check your dashboard here: <a href=3D"http://deneme.=
gettransferistanbul.com/user/dashboard">View dashboard</a></p>

            <br>
            <p>Regards,<br>Baf Turizm</p>
        </div>
    </div>

            <div class=3D"b-footer" style=3D"margin-top: 0px;">
    <div class=3D"b-container">
       =20
    </div>
</div>        </div>
    </body>
</html>
  
